<?xml version="1.0" encoding="UTF-8"?>
<!-- Generated by org.testng.reporters.JUnitXMLReporter -->
<testsuite ignored="13" hostname="RGDevice" failures="1" tests="20" name="Surefire test" time="238.663" errors="0" timestamp="2024-11-16T17:42:03 IST">
  <testcase classname="Tests.DashboardPageTest" name="@BeforeMethod initialize" time="1.395">
    <failure type="org.openqa.selenium.WebDriverException" message="disconnected: Unable to receive message from renderer
  (failed to check if window was closed: disconnected: not connected to DevTools)
  (Session info: chrome=130.0.6723.119)
Build info: version: &amp;apos;4.25.0&amp;apos;, revision: &amp;apos;8a8aea2337&amp;apos;
System info: os.name: &amp;apos;Windows 10&amp;apos;, os.arch: &amp;apos;amd64&amp;apos;, os.version: &amp;apos;10.0&amp;apos;, java.version: &amp;apos;20.0.1&amp;apos;
Driver info: org.openqa.selenium.chrome.ChromeDriver
Command: [a0cd371490c11b45fb0574350f901959, clickElement {id=f.47EB668673A607D543D7FE2F33F2CB15.d.79E1DB3AF621063DBD9F7C051089239C.e.25}]
Capabilities {acceptInsecureCerts: false, browserName: chrome, browserVersion: 130.0.6723.119, chrome: {chromedriverVersion: 130.0.6723.116 (6ac35f94ae3..., userDataDir: C:\Users\Admin\AppData\Loca...}, fedcm:accounts: true, goog:chromeOptions: {debuggerAddress: localhost:49773}, networkConnectionEnabled: false, pageLoadStrategy: normal, platformName: windows, proxy: Proxy(), se:cdp: ws://localhost:49773/devtoo..., se:cdpVersion: 130.0.6723.119, setWindowRect: true, strictFileInteractability: false, timeouts: {implicit: 0, pageLoad: 300000, script: 30000}, unhandledPromptBehavior: dismiss and notify, webauthn:extension:credBlob: true, webauthn:extension:largeBlob: true, webauthn:extension:minPinLength: true, webauthn:extension:prf: true, webauthn:virtualAuthenticators: true}
Element: [[ChromeDriver: chrome on windows (a0cd371490c11b45fb0574350f901959)] -&amp;gt; css selector: span#continue]
Session ID: a0cd371490c11b45fb0574350f901959">
      <![CDATA[org.openqa.selenium.WebDriverException: disconnected: Unable to receive message from renderer
  (failed to check if window was closed: disconnected: not connected to DevTools)
  (Session info: chrome=130.0.6723.119)
Build info: version: '4.25.0', revision: '8a8aea2337'
System info: os.name: 'Windows 10', os.arch: 'amd64', os.version: '10.0', java.version: '20.0.1'
Driver info: org.openqa.selenium.chrome.ChromeDriver
Command: [a0cd371490c11b45fb0574350f901959, clickElement {id=f.47EB668673A607D543D7FE2F33F2CB15.d.79E1DB3AF621063DBD9F7C051089239C.e.25}]
Capabilities {acceptInsecureCerts: false, browserName: chrome, browserVersion: 130.0.6723.119, chrome: {chromedriverVersion: 130.0.6723.116 (6ac35f94ae3..., userDataDir: C:\Users\Admin\AppData\Loca...}, fedcm:accounts: true, goog:chromeOptions: {debuggerAddress: localhost:49773}, networkConnectionEnabled: false, pageLoadStrategy: normal, platformName: windows, proxy: Proxy(), se:cdp: ws://localhost:49773/devtoo..., se:cdpVersion: 130.0.6723.119, setWindowRect: true, strictFileInteractability: false, timeouts: {implicit: 0, pageLoad: 300000, script: 30000}, unhandledPromptBehavior: dismiss and notify, webauthn:extension:credBlob: true, webauthn:extension:largeBlob: true, webauthn:extension:minPinLength: true, webauthn:extension:prf: true, webauthn:virtualAuthenticators: true}
Element: [[ChromeDriver: chrome on windows (a0cd371490c11b45fb0574350f901959)] -> css selector: span#continue]
Session ID: a0cd371490c11b45fb0574350f901959
at org.openqa.selenium.remote.ErrorCodec.decode(ErrorCodec.java:167)
at org.openqa.selenium.remote.codec.w3c.W3CHttpResponseCodec.decode(W3CHttpResponseCodec.java:138)
at org.openqa.selenium.remote.codec.w3c.W3CHttpResponseCodec.decode(W3CHttpResponseCodec.java:50)
at org.openqa.selenium.remote.HttpCommandExecutor.execute(HttpCommandExecutor.java:190)
at org.openqa.selenium.remote.service.DriverCommandExecutor.invokeExecute(DriverCommandExecutor.java:216)
at org.openqa.selenium.remote.service.DriverCommandExecutor.execute(DriverCommandExecutor.java:174)
at org.openqa.selenium.remote.RemoteWebDriver.execute(RemoteWebDriver.java:545)
at org.openqa.selenium.remote.RemoteWebElement.execute(RemoteWebElement.java:223)
at org.openqa.selenium.remote.RemoteWebElement.click(RemoteWebElement.java:76)
at org.openqa.selenium.support.pagefactory.internal.LocatingElementHandler.invoke(LocatingElementHandler.java:51)
at jdk.proxy2/jdk.proxy2.$Proxy15.click(Unknown Source)
at Pages.LoginPage.do_login(LoginPage.java:83)
at Tests.DashboardPageTest.initialize(DashboardPageTest.java:34)
at java.base/java.util.ArrayList.forEach(ArrayList.java:1511)
... Removed 39 stack frames]]>
    </failure>
  </testcase> <!-- @BeforeMethod initialize -->
  <testcase classname="Tests.DashboardPageTest" name="@AfterMethod tdown" time="0.0">
    <skipped/>
  </testcase> <!-- @AfterMethod tdown -->
  <testcase classname="BaseTest.Base_Test" name="@AfterMethod deactive" time="0.0">
    <skipped/>
  </testcase> <!-- @AfterMethod deactive -->
  <testcase classname="Tests.DashboardPageTest" name="get_title" time="0.535"/>
  <testcase classname="Tests.DashboardPageTest" name="check_logo" time="4.629">
    <failure type="java.lang.AssertionError" message="expected [103] but found [129]">
      <![CDATA[java.lang.AssertionError: expected [103] but found [129]
at Pages.DashboardPage.verify_dashboard_logo(DashboardPage.java:65)
at Tests.DashboardPageTest.check_logo(DashboardPageTest.java:55)
at java.base/java.util.ArrayList.forEach(ArrayList.java:1511)
... Removed 37 stack frames]]>
    </failure>
  </testcase> <!-- check_logo -->
  <testcase classname="Tests.DashboardPageTest" name="get_elements" time="5.236"/>
  <testcase classname="Tests.DashboardPageTest" name="search_products" time="9.6"/>
  <testcase classname="Tests.DashboardPageTest" name="check_user_name" time="0.001">
    <skipped/>
  </testcase> <!-- check_user_name -->
  <testcase classname="Tests.LoginPageTest" name="check_title" time="0.017"/>
  <testcase classname="Tests.LoginPageTest" name="check_logo" time="0.133"/>
  <testcase classname="Tests.LoginPageTest" name="login" time="2.717"/>
  <testcase classname="Tests.LoginPageTest" name="verify_createaccount_option" time="0.038"/>
  <testcase classname="Tests.ProductDetailsPageTest" name="check_title_page" time="5.594"/>
  <testcase classname="Tests.ProductDetailsPageTest" name="verify_productdetailscreen" time="4.551"/>
  <testcase classname="Tests.ProductDetailsPageTest" name="about_product" time="5.45"/>
  <testcase classname="Tests.ShoppingCardPageTest" name="Verify_title_of_page" time="5.713"/>
  <testcase classname="Tests.ShoppingCardPageTest" name="check_page" time="4.407"/>
  <testcase classname="Tests.ShoppingCardPageTest" name="list_of_items" time="3.992"/>
  <testcase classname="Tests.ShoppingCardPageTest" name="do_checkout" time="8.246"/>
  <testcase classname="Tests.YourOrdersPageTest" name="check_title" time="4.632"/>
  <testcase classname="Tests.YourOrdersPageTest" name="check_page" time="4.329"/>
  <testcase classname="Tests.YourOrdersPageTest" name="get_yourorders_options" time="8.647"/>
  <testcase classname="Tests.YourOrdersPageTest" name="check_path" time="9.567"/>
  <testcase classname="BaseTest.Base_Test" name="@AfterSuite tearDownReport" time="0.0">
    <ignored/>
  </testcase> <!-- @AfterSuite tearDownReport -->
  <testcase classname="BaseTest.Base_Test" name="@AfterSuite tearDownReport" time="0.0">
    <ignored/>
  </testcase> <!-- @AfterSuite tearDownReport -->
  <testcase classname="BaseTest.Base_Test" name="@AfterSuite tearDownReport" time="0.0">
    <ignored/>
  </testcase> <!-- @AfterSuite tearDownReport -->
  <testcase classname="BaseTest.Base_Test" name="@AfterSuite tearDownReport" time="0.0">
    <ignored/>
  </testcase> <!-- @AfterSuite tearDownReport -->
  <testcase classname="BaseTest.Base_Test" name="@BeforeSuite setupReport" time="0.0">
    <ignored/>
  </testcase> <!-- @BeforeSuite setupReport -->
  <testcase classname="Tests.ShoppingCardPageTest" name="add_product" time="0.0">
    <ignored/>
  </testcase> <!-- add_product -->
  <testcase classname="BaseTest.Base_Test" name="@BeforeSuite setupReport" time="0.0">
    <ignored/>
  </testcase> <!-- @BeforeSuite setupReport -->
  <testcase classname="BaseTest.Base_Test" name="@BeforeSuite setupReport" time="0.0">
    <ignored/>
  </testcase> <!-- @BeforeSuite setupReport -->
  <testcase classname="BaseTest.Base_Test" name="@BeforeSuite setupReport" time="0.0">
    <ignored/>
  </testcase> <!-- @BeforeSuite setupReport -->
  <testcase classname="BaseTest.Base_Test" name="@AfterSuite tearDownReport" time="0.0">
    <ignored/>
  </testcase> <!-- @AfterSuite tearDownReport -->
  <testcase classname="BaseTest.Base_Test" name="@BeforeSuite setupReport" time="0.0">
    <ignored/>
  </testcase> <!-- @BeforeSuite setupReport -->
  <testcase classname="BaseTest.Base_Test" name="@AfterSuite tearDownReport" time="0.0">
    <ignored/>
  </testcase> <!-- @AfterSuite tearDownReport -->
  <testcase classname="BaseTest.Base_Test" name="@BeforeSuite setupReport" time="0.0">
    <ignored/>
  </testcase> <!-- @BeforeSuite setupReport -->
</testsuite> <!-- Surefire test -->
