<?xml version="1.0" encoding="UTF-8"?>
<!-- Generated by org.testng.reporters.JUnitXMLReporter -->
<testsuite ignored="9" hostname="RGDevice" failures="2" tests="14" name="Implementation with Listners" time="131.946" errors="0" timestamp="2024-12-07T18:33:04 IST">
  <testcase classname="Tests.ProductDetailsPageTest" name="@BeforeMethod initiate" time="5.399">
    <failure type="org.openqa.selenium.NoSuchElementException" message="no such element: Unable to locate element: {&amp;quot;method&amp;quot;:&amp;quot;css selector&amp;quot;,&amp;quot;selector&amp;quot;:&amp;quot;input#twotabsearchtextbox&amp;quot;}
  (Session info: chrome=131.0.6778.109)
For documentation on this error, please visit: https://www.selenium.dev/documentation/webdriver/troubleshooting/errors#no-such-element-exception
Build info: version: &amp;apos;4.25.0&amp;apos;, revision: &amp;apos;8a8aea2337&amp;apos;
System info: os.name: &amp;apos;Windows 10&amp;apos;, os.arch: &amp;apos;amd64&amp;apos;, os.version: &amp;apos;10.0&amp;apos;, java.version: &amp;apos;20.0.1&amp;apos;
Driver info: org.openqa.selenium.chrome.ChromeDriver
Command: [9149a6194a6cad0b3513096e6d03fc68, findElement {using=css selector, value=input#twotabsearchtextbox}]
Capabilities {acceptInsecureCerts: false, browserName: chrome, browserVersion: 131.0.6778.109, chrome: {chromedriverVersion: 131.0.6778.87 (ce31cae94873..., userDataDir: C:\Users\Admin\AppData\Loca...}, fedcm:accounts: true, goog:chromeOptions: {debuggerAddress: localhost:51917}, networkConnectionEnabled: false, pageLoadStrategy: normal, platformName: windows, proxy: Proxy(), se:cdp: ws://localhost:51917/devtoo..., se:cdpVersion: 131.0.6778.109, setWindowRect: true, strictFileInteractability: false, timeouts: {implicit: 0, pageLoad: 300000, script: 30000}, unhandledPromptBehavior: dismiss and notify, webauthn:extension:credBlob: true, webauthn:extension:largeBlob: true, webauthn:extension:minPinLength: true, webauthn:extension:prf: true, webauthn:virtualAuthenticators: true}
Session ID: 9149a6194a6cad0b3513096e6d03fc68">
      <![CDATA[org.openqa.selenium.NoSuchElementException: no such element: Unable to locate element: {"method":"css selector","selector":"input#twotabsearchtextbox"}
  (Session info: chrome=131.0.6778.109)
For documentation on this error, please visit: https://www.selenium.dev/documentation/webdriver/troubleshooting/errors#no-such-element-exception
Build info: version: '4.25.0', revision: '8a8aea2337'
System info: os.name: 'Windows 10', os.arch: 'amd64', os.version: '10.0', java.version: '20.0.1'
Driver info: org.openqa.selenium.chrome.ChromeDriver
Command: [9149a6194a6cad0b3513096e6d03fc68, findElement {using=css selector, value=input#twotabsearchtextbox}]
Capabilities {acceptInsecureCerts: false, browserName: chrome, browserVersion: 131.0.6778.109, chrome: {chromedriverVersion: 131.0.6778.87 (ce31cae94873..., userDataDir: C:\Users\Admin\AppData\Loca...}, fedcm:accounts: true, goog:chromeOptions: {debuggerAddress: localhost:51917}, networkConnectionEnabled: false, pageLoadStrategy: normal, platformName: windows, proxy: Proxy(), se:cdp: ws://localhost:51917/devtoo..., se:cdpVersion: 131.0.6778.109, setWindowRect: true, strictFileInteractability: false, timeouts: {implicit: 0, pageLoad: 300000, script: 30000}, unhandledPromptBehavior: dismiss and notify, webauthn:extension:credBlob: true, webauthn:extension:largeBlob: true, webauthn:extension:minPinLength: true, webauthn:extension:prf: true, webauthn:virtualAuthenticators: true}
Session ID: 9149a6194a6cad0b3513096e6d03fc68
at org.openqa.selenium.remote.ErrorCodec.decode(ErrorCodec.java:167)
at org.openqa.selenium.remote.codec.w3c.W3CHttpResponseCodec.decode(W3CHttpResponseCodec.java:138)
at org.openqa.selenium.remote.codec.w3c.W3CHttpResponseCodec.decode(W3CHttpResponseCodec.java:50)
at org.openqa.selenium.remote.HttpCommandExecutor.execute(HttpCommandExecutor.java:190)
at org.openqa.selenium.remote.service.DriverCommandExecutor.invokeExecute(DriverCommandExecutor.java:216)
at org.openqa.selenium.remote.service.DriverCommandExecutor.execute(DriverCommandExecutor.java:174)
at org.openqa.selenium.remote.RemoteWebDriver.execute(RemoteWebDriver.java:545)
at org.openqa.selenium.remote.ElementLocation$ElementFinder$2.findElement(ElementLocation.java:165)
at org.openqa.selenium.remote.ElementLocation.findElement(ElementLocation.java:59)
at org.openqa.selenium.remote.RemoteWebDriver.findElement(RemoteWebDriver.java:368)
at org.openqa.selenium.remote.RemoteWebDriver.findElement(RemoteWebDriver.java:362)
at org.openqa.selenium.support.pagefactory.DefaultElementLocator.findElement(DefaultElementLocator.java:68)
at org.openqa.selenium.support.pagefactory.internal.LocatingElementHandler.invoke(LocatingElementHandler.java:38)
at jdk.proxy2/jdk.proxy2.$Proxy18.clear(Unknown Source)
at Pages.DashboardPage.click_product(DashboardPage.java:97)
at Tests.ProductDetailsPageTest.initiate(ProductDetailsPageTest.java:31)
at java.base/java.util.ArrayList.forEach(ArrayList.java:1511)
... Removed 32 stack frames]]>
    </failure>
  </testcase> <!-- @BeforeMethod initiate -->
  <testcase classname="Tests.ProductDetailsPageTest" name="@AfterMethod terminate" time="-1.733576581696E9">
    <skipped/>
  </testcase> <!-- @AfterMethod terminate -->
  <testcase classname="BaseTest.Base_Test" name="@AfterMethod deactive" time="-1.733576581701E9">
    <skipped/>
  </testcase> <!-- @AfterMethod deactive -->
  <testcase classname="BaseTest.Base_Test" name="@BeforeMethod active" time="-1.733576581705E9">
    <skipped/>
  </testcase> <!-- @BeforeMethod active -->
  <testcase classname="Tests.ProductDetailsPageTest" name="@BeforeMethod initiate" time="-1.733576581708E9">
    <skipped/>
  </testcase> <!-- @BeforeMethod initiate -->
  <testcase classname="Tests.ProductDetailsPageTest" name="@AfterMethod terminate" time="-1.733576581739E9">
    <skipped/>
  </testcase> <!-- @AfterMethod terminate -->
  <testcase classname="BaseTest.Base_Test" name="@AfterMethod deactive" time="-1.733576581743E9">
    <skipped/>
  </testcase> <!-- @AfterMethod deactive -->
  <testcase classname="BaseTest.Base_Test" name="@BeforeMethod active" time="-1.733576581744E9">
    <skipped/>
  </testcase> <!-- @BeforeMethod active -->
  <testcase classname="Tests.ProductDetailsPageTest" name="@BeforeMethod initiate" time="-1.733576581745E9">
    <skipped/>
  </testcase> <!-- @BeforeMethod initiate -->
  <testcase classname="Tests.LoginPageTest" name="check_title" time="0.031"/>
  <testcase classname="Tests.LoginPageTest" name="check_logo" time="0.145"/>
  <testcase classname="Tests.LoginPageTest" name="login" time="2.339"/>
  <testcase classname="Tests.LoginPageTest" name="verify_createaccount_option" time="0.047"/>
  <testcase classname="Tests.DashboardPageTest" name="get_title" time="5.329"/>
  <testcase classname="Tests.DashboardPageTest" name="check_logo" time="4.797"/>
  <testcase classname="Tests.DashboardPageTest" name="get_elements" time="5.297"/>
  <testcase classname="Tests.DashboardPageTest" name="search_products" time="8.019"/>
  <testcase classname="Tests.DashboardPageTest" name="check_user_name" time="4.87"/>
  <testcase classname="Tests.ProductDetailsPageTest" name="check_title_page" time="20.496">
    <skipped/>
  </testcase> <!-- check_title_page -->
  <testcase classname="Tests.ProductDetailsPageTest" name="check_title_page" time="0.174">
    <skipped/>
  </testcase> <!-- check_title_page -->
  <testcase classname="Tests.ProductDetailsPageTest" name="check_title_page" time="0.018">
    <skipped/>
  </testcase> <!-- check_title_page -->
  <testcase classname="Tests.ProductDetailsPageTest" name="check_title_page" time="0.004">
    <failure type="org.openqa.selenium.NoSuchSessionException" message="Session ID is null. Using WebDriver after calling quit()?
Build info: version: &amp;apos;4.25.0&amp;apos;, revision: &amp;apos;8a8aea2337&amp;apos;
System info: os.name: &amp;apos;Windows 10&amp;apos;, os.arch: &amp;apos;amd64&amp;apos;, os.version: &amp;apos;10.0&amp;apos;, java.version: &amp;apos;20.0.1&amp;apos;
Driver info: org.openqa.selenium.chrome.ChromeDriver
Command: [null, findElement {using=xpath, value=//span[@id=&amp;apos;submit.buy-now&amp;apos;]}]
Capabilities {acceptInsecureCerts: false, browserName: chrome, browserVersion: 131.0.6778.109, chrome: {chromedriverVersion: 131.0.6778.87 (ce31cae94873..., userDataDir: C:\Users\Admin\AppData\Loca...}, fedcm:accounts: true, goog:chromeOptions: {debuggerAddress: localhost:51815}, networkConnectionEnabled: false, pageLoadStrategy: normal, platformName: windows, proxy: Proxy(), se:cdp: ws://localhost:51815/devtoo..., se:cdpVersion: 131.0.6778.109, setWindowRect: true, strictFileInteractability: false, timeouts: {implicit: 0, pageLoad: 300000, script: 30000}, unhandledPromptBehavior: dismiss and notify, webauthn:extension:credBlob: true, webauthn:extension:largeBlob: true, webauthn:extension:minPinLength: true, webauthn:extension:prf: true, webauthn:virtualAuthenticators: true}">
      <![CDATA[org.openqa.selenium.NoSuchSessionException: Session ID is null. Using WebDriver after calling quit()?
Build info: version: '4.25.0', revision: '8a8aea2337'
System info: os.name: 'Windows 10', os.arch: 'amd64', os.version: '10.0', java.version: '20.0.1'
Driver info: org.openqa.selenium.chrome.ChromeDriver
Command: [null, findElement {using=xpath, value=//span[@id='submit.buy-now']}]
Capabilities {acceptInsecureCerts: false, browserName: chrome, browserVersion: 131.0.6778.109, chrome: {chromedriverVersion: 131.0.6778.87 (ce31cae94873..., userDataDir: C:\Users\Admin\AppData\Loca...}, fedcm:accounts: true, goog:chromeOptions: {debuggerAddress: localhost:51815}, networkConnectionEnabled: false, pageLoadStrategy: normal, platformName: windows, proxy: Proxy(), se:cdp: ws://localhost:51815/devtoo..., se:cdpVersion: 131.0.6778.109, setWindowRect: true, strictFileInteractability: false, timeouts: {implicit: 0, pageLoad: 300000, script: 30000}, unhandledPromptBehavior: dismiss and notify, webauthn:extension:credBlob: true, webauthn:extension:largeBlob: true, webauthn:extension:minPinLength: true, webauthn:extension:prf: true, webauthn:virtualAuthenticators: true}
at org.openqa.selenium.remote.HttpCommandExecutor.execute(HttpCommandExecutor.java:151)
at org.openqa.selenium.remote.service.DriverCommandExecutor.invokeExecute(DriverCommandExecutor.java:216)
at org.openqa.selenium.remote.service.DriverCommandExecutor.execute(DriverCommandExecutor.java:174)
at org.openqa.selenium.remote.RemoteWebDriver.execute(RemoteWebDriver.java:545)
at org.openqa.selenium.remote.ElementLocation$ElementFinder$2.findElement(ElementLocation.java:165)
at org.openqa.selenium.remote.ElementLocation.findElement(ElementLocation.java:59)
at org.openqa.selenium.remote.RemoteWebDriver.findElement(RemoteWebDriver.java:368)
at org.openqa.selenium.remote.RemoteWebDriver.findElement(RemoteWebDriver.java:362)
at org.openqa.selenium.support.pagefactory.DefaultElementLocator.findElement(DefaultElementLocator.java:68)
at org.openqa.selenium.support.pagefactory.internal.LocatingElementHandler.invoke(LocatingElementHandler.java:38)
at jdk.proxy2/jdk.proxy2.$Proxy18.isDisplayed(Unknown Source)
at org.openqa.selenium.support.ui.ExpectedConditions.elementIfVisible(ExpectedConditions.java:304)
at org.openqa.selenium.support.ui.ExpectedConditions$10.apply(ExpectedConditions.java:290)
at org.openqa.selenium.support.ui.ExpectedConditions$10.apply(ExpectedConditions.java:287)
at org.openqa.selenium.support.ui.FluentWait.until(FluentWait.java:204)
at Pages.ProductDetailsPage.check_title_page(ProductDetailsPage.java:47)
at Tests.ProductDetailsPageTest.check_title_page(ProductDetailsPageTest.java:53)
at java.base/java.util.ArrayList.forEach(ArrayList.java:1511)
... Removed 25 stack frames]]>
    </failure>
  </testcase> <!-- check_title_page -->
  <testcase classname="Tests.ProductDetailsPageTest" name="check_title_page" time="46.395">
    <failure type="java.lang.NullPointerException" message="Cannot invoke &amp;quot;CommonUtilities.TakeScreenshot.Takescreenhots()&amp;quot; because &amp;quot;this.tk&amp;quot; is null">
      <![CDATA[java.lang.NullPointerException: Cannot invoke "CommonUtilities.TakeScreenshot.Takescreenhots()" because "this.tk" is null
at Listners.Test_Listners.onTestFailure(Test_Listners.java:33)
at java.base/java.util.ArrayList.forEach(ArrayList.java:1511)
... Removed 24 stack frames]]>
    </failure>
  </testcase> <!-- check_title_page -->
  <testcase classname="BaseTest.Base_Test" name="@AfterSuite tearDownReport" time="0.0">
    <ignored/>
  </testcase> <!-- @AfterSuite tearDownReport -->
  <testcase classname="BaseTest.Base_Test" name="@AfterSuite tearDownReport" time="0.0">
    <ignored/>
  </testcase> <!-- @AfterSuite tearDownReport -->
  <testcase classname="BaseTest.Base_Test" name="@AfterSuite tearDownReport" time="0.0">
    <ignored/>
  </testcase> <!-- @AfterSuite tearDownReport -->
  <testcase classname="BaseTest.Base_Test" name="@AfterSuite tearDownReport" time="0.0">
    <ignored/>
  </testcase> <!-- @AfterSuite tearDownReport -->
  <testcase classname="BaseTest.Base_Test" name="@BeforeSuite setupReport" time="0.0">
    <ignored/>
  </testcase> <!-- @BeforeSuite setupReport -->
  <testcase classname="BaseTest.Base_Test" name="@BeforeSuite setupReport" time="0.0">
    <ignored/>
  </testcase> <!-- @BeforeSuite setupReport -->
  <testcase classname="BaseTest.Base_Test" name="@BeforeSuite setupReport" time="0.0">
    <ignored/>
  </testcase> <!-- @BeforeSuite setupReport -->
  <testcase classname="BaseTest.Base_Test" name="@BeforeSuite setupReport" time="0.0">
    <ignored/>
  </testcase> <!-- @BeforeSuite setupReport -->
  <testcase classname="Tests.ShoppingCardPageTest" name="add_product" time="0.0">
    <ignored/>
  </testcase> <!-- add_product -->
</testsuite> <!-- Implementation with Listners -->
