<?xml version="1.0" encoding="UTF-8"?>
<!-- Generated by org.testng.reporters.JUnitXMLReporter -->
<testsuite ignored="14" hostname="RGDevice" failures="5" tests="5" name="Regression_Test" time="0.202" errors="0" timestamp="2024-10-21T15:50:55 IST">
  <testcase classname="Tests.LoginPageTest" name="login" time="0.016">
    <failure type="java.lang.NullPointerException" message="Cannot invoke &amp;quot;Pages.LoginPage.do_login(String, String)&amp;quot; because &amp;quot;this.loginpage&amp;quot; is null">
      <![CDATA[java.lang.NullPointerException: Cannot invoke "Pages.LoginPage.do_login(String, String)" because "this.loginpage" is null
at Tests.LoginPageTest.login(LoginPageTest.java:41)
at java.base/java.util.ArrayList.forEach(ArrayList.java:1511)
... Removed 25 stack frames]]>
    </failure>
  </testcase> <!-- login -->
  <testcase classname="Tests.DashboardPageTest" name="search_products" time="0.003">
    <failure type="java.lang.NullPointerException" message="Cannot invoke &amp;quot;Pages.DashboardPage.search_product(String)&amp;quot; because &amp;quot;this.dashboardpage&amp;quot; is null">
      <![CDATA[java.lang.NullPointerException: Cannot invoke "Pages.DashboardPage.search_product(String)" because "this.dashboardpage" is null
at Tests.DashboardPageTest.search_products(DashboardPageTest.java:60)
at java.base/java.util.ArrayList.forEach(ArrayList.java:1511)
... Removed 25 stack frames]]>
    </failure>
  </testcase> <!-- search_products -->
  <testcase classname="Tests.ShoppingCardPageTest" name="do_checkout" time="0.003">
    <failure type="java.lang.NullPointerException" message="Cannot invoke &amp;quot;Pages.ShoppingCardPage.proceed_to_buy()&amp;quot; because &amp;quot;this.shoppingcardpage&amp;quot; is null">
      <![CDATA[java.lang.NullPointerException: Cannot invoke "Pages.ShoppingCardPage.proceed_to_buy()" because "this.shoppingcardpage" is null
at Tests.ShoppingCardPageTest.do_checkout(ShoppingCardPageTest.java:64)
at java.base/java.util.ArrayList.forEach(ArrayList.java:1511)
... Removed 25 stack frames]]>
    </failure>
  </testcase> <!-- do_checkout -->
  <testcase classname="Tests.YourOrdersPageTest" name="check_page" time="0.102">
    <failure type="java.lang.NullPointerException" message="Cannot invoke &amp;quot;Pages.YourOrdersPage.Verify_YourOrdersPage()&amp;quot; because &amp;quot;this.yourorderspage&amp;quot; is null">
      <![CDATA[java.lang.NullPointerException: Cannot invoke "Pages.YourOrdersPage.Verify_YourOrdersPage()" because "this.yourorderspage" is null
at Tests.YourOrdersPageTest.check_page(YourOrdersPageTest.java:52)
at java.base/java.util.ArrayList.forEach(ArrayList.java:1511)
... Removed 25 stack frames]]>
    </failure>
  </testcase> <!-- check_page -->
  <testcase classname="Tests.YourOrdersPageTest" name="check_path" time="0.002">
    <failure type="java.lang.NullPointerException" message="Cannot invoke &amp;quot;Pages.YourOrdersPage.validate_path()&amp;quot; because &amp;quot;this.yourorderspage&amp;quot; is null">
      <![CDATA[java.lang.NullPointerException: Cannot invoke "Pages.YourOrdersPage.validate_path()" because "this.yourorderspage" is null
at Tests.YourOrdersPageTest.check_path(YourOrdersPageTest.java:64)
at java.base/java.util.ArrayList.forEach(ArrayList.java:1511)
... Removed 25 stack frames]]>
    </failure>
  </testcase> <!-- check_path -->
  <testcase classname="Tests.ShoppingCardPageTest" name="add_product" time="0.0">
    <ignored/>
  </testcase> <!-- add_product -->
  <testcase classname="Tests.ShoppingCardPageTest" name="check_page" time="0.0">
    <ignored/>
  </testcase> <!-- check_page -->
  <testcase classname="Tests.DashboardPageTest" name="check_user_name" time="0.0">
    <ignored/>
  </testcase> <!-- check_user_name -->
  <testcase classname="Tests.ProductDetailsPageTest" name="verify_productdetailscreen" time="0.0">
    <ignored/>
  </testcase> <!-- verify_productdetailscreen -->
  <testcase classname="Tests.YourOrdersPageTest" name="check_title" time="0.0">
    <ignored/>
  </testcase> <!-- check_title -->
  <testcase classname="Tests.DashboardPageTest" name="check_logo" time="0.0">
    <ignored/>
  </testcase> <!-- check_logo -->
  <testcase classname="Tests.ProductDetailsPageTest" name="check_title_page" time="0.0">
    <ignored/>
  </testcase> <!-- check_title_page -->
  <testcase classname="Tests.YourOrdersPageTest" name="get_yourorders_options" time="0.0">
    <ignored/>
  </testcase> <!-- get_yourorders_options -->
  <testcase classname="Tests.ShoppingCardPageTest" name="list_of_items" time="0.0">
    <ignored/>
  </testcase> <!-- list_of_items -->
  <testcase classname="Tests.DashboardPageTest" name="get_title" time="0.0">
    <ignored/>
  </testcase> <!-- get_title -->
  <testcase classname="Tests.LoginPageTest" name="check_title" time="0.0">
    <ignored/>
  </testcase> <!-- check_title -->
  <testcase classname="Tests.ShoppingCardPageTest" name="Verify_title_of_page" time="0.0">
    <ignored/>
  </testcase> <!-- Verify_title_of_page -->
  <testcase classname="Tests.DashboardPageTest" name="get_elements" time="0.0">
    <ignored/>
  </testcase> <!-- get_elements -->
  <testcase classname="Tests.LoginPageTest" name="check_logo" time="0.0">
    <ignored/>
  </testcase> <!-- check_logo -->
</testsuite> <!-- Regression_Test -->
