<?xml version="1.0" encoding="UTF-8"?>
<!-- Generated by org.testng.reporters.JUnitXMLReporter -->
<testsuite ignored="3" hostname="RGDevice" failures="18" tests="18" name="Sanity_Test" time="0.097" errors="0" timestamp="2024-11-09T20:05:58 IST">
  <testcase classname="Tests.LoginPageTest" name="check_title" time="0.013">
    <failure type="java.lang.NullPointerException" message="Cannot invoke &amp;quot;CommonUtilities.Extent_Reports.test_details(String)&amp;quot; because &amp;quot;BaseTest.Base_Test.testreports&amp;quot; is null">
      <![CDATA[java.lang.NullPointerException: Cannot invoke "CommonUtilities.Extent_Reports.test_details(String)" because "BaseTest.Base_Test.testreports" is null
at Tests.LoginPageTest.check_title(LoginPageTest.java:40)
at java.base/java.util.ArrayList.forEach(ArrayList.java:1511)
... Removed 25 stack frames]]>
    </failure>
  </testcase> <!-- check_title -->
  <testcase classname="Tests.LoginPageTest" name="check_logo" time="0.001">
    <failure type="java.lang.NullPointerException" message="Cannot invoke &amp;quot;CommonUtilities.Extent_Reports.test_details(String)&amp;quot; because &amp;quot;Tests.LoginPageTest.testreports&amp;quot; is null">
      <![CDATA[java.lang.NullPointerException: Cannot invoke "CommonUtilities.Extent_Reports.test_details(String)" because "Tests.LoginPageTest.testreports" is null
at Tests.LoginPageTest.check_logo(LoginPageTest.java:53)
at java.base/java.util.ArrayList.forEach(ArrayList.java:1511)
... Removed 25 stack frames]]>
    </failure>
  </testcase> <!-- check_logo -->
  <testcase classname="Tests.LoginPageTest" name="login" time="0.002">
    <failure type="java.lang.NullPointerException" message="Cannot invoke &amp;quot;ScreenRecording.CaptureVideo.StartRecording()&amp;quot; because &amp;quot;this.capturevideo&amp;quot; is null">
      <![CDATA[java.lang.NullPointerException: Cannot invoke "ScreenRecording.CaptureVideo.StartRecording()" because "this.capturevideo" is null
at Tests.LoginPageTest.login(LoginPageTest.java:64)
at java.base/java.util.ArrayList.forEach(ArrayList.java:1511)
... Removed 25 stack frames]]>
    </failure>
  </testcase> <!-- login -->
  <testcase classname="Tests.LoginPageTest" name="verify_createaccount_option" time="0.001">
    <failure type="java.lang.NullPointerException" message="Cannot invoke &amp;quot;CommonUtilities.Extent_Reports.test_details(String)&amp;quot; because &amp;quot;Tests.LoginPageTest.testreports&amp;quot; is null">
      <![CDATA[java.lang.NullPointerException: Cannot invoke "CommonUtilities.Extent_Reports.test_details(String)" because "Tests.LoginPageTest.testreports" is null
at Tests.LoginPageTest.verify_createaccount_option(LoginPageTest.java:76)
at java.base/java.util.ArrayList.forEach(ArrayList.java:1511)
... Removed 25 stack frames]]>
    </failure>
  </testcase> <!-- verify_createaccount_option -->
  <testcase classname="Tests.DashboardPageTest" name="get_title" time="0.001">
    <failure type="java.lang.NullPointerException" message="Cannot invoke &amp;quot;CommonUtilities.Extent_Reports.test_details(String)&amp;quot; because &amp;quot;Tests.DashboardPageTest.testreports&amp;quot; is null">
      <![CDATA[java.lang.NullPointerException: Cannot invoke "CommonUtilities.Extent_Reports.test_details(String)" because "Tests.DashboardPageTest.testreports" is null
at Tests.DashboardPageTest.get_title(DashboardPageTest.java:44)
at java.base/java.util.ArrayList.forEach(ArrayList.java:1511)
... Removed 25 stack frames]]>
    </failure>
  </testcase> <!-- get_title -->
  <testcase classname="Tests.DashboardPageTest" name="check_logo" time="0.001">
    <failure type="java.lang.NullPointerException" message="Cannot invoke &amp;quot;CommonUtilities.Extent_Reports.test_details(String)&amp;quot; because &amp;quot;Tests.DashboardPageTest.testreports&amp;quot; is null">
      <![CDATA[java.lang.NullPointerException: Cannot invoke "CommonUtilities.Extent_Reports.test_details(String)" because "Tests.DashboardPageTest.testreports" is null
at Tests.DashboardPageTest.check_logo(DashboardPageTest.java:54)
at java.base/java.util.ArrayList.forEach(ArrayList.java:1511)
... Removed 25 stack frames]]>
    </failure>
  </testcase> <!-- check_logo -->
  <testcase classname="Tests.DashboardPageTest" name="get_elements" time="0.001">
    <failure type="java.lang.NullPointerException" message="Cannot invoke &amp;quot;CommonUtilities.Extent_Reports.test_details(String)&amp;quot; because &amp;quot;Tests.DashboardPageTest.testreports&amp;quot; is null">
      <![CDATA[java.lang.NullPointerException: Cannot invoke "CommonUtilities.Extent_Reports.test_details(String)" because "Tests.DashboardPageTest.testreports" is null
at Tests.DashboardPageTest.get_elements(DashboardPageTest.java:65)
at java.base/java.util.ArrayList.forEach(ArrayList.java:1511)
... Removed 25 stack frames]]>
    </failure>
  </testcase> <!-- get_elements -->
  <testcase classname="Tests.DashboardPageTest" name="check_user_name" time="0.001">
    <failure type="java.lang.NullPointerException" message="Cannot invoke &amp;quot;CommonUtilities.Extent_Reports.test_details(String)&amp;quot; because &amp;quot;Tests.DashboardPageTest.testreports&amp;quot; is null">
      <![CDATA[java.lang.NullPointerException: Cannot invoke "CommonUtilities.Extent_Reports.test_details(String)" because "Tests.DashboardPageTest.testreports" is null
at Tests.DashboardPageTest.check_user_name(DashboardPageTest.java:85)
at java.base/java.util.ArrayList.forEach(ArrayList.java:1511)
... Removed 25 stack frames]]>
    </failure>
  </testcase> <!-- check_user_name -->
  <testcase classname="Tests.ProductDetailsPageTest" name="check_title_page" time="0.001">
    <failure type="java.lang.NullPointerException" message="Cannot invoke &amp;quot;CommonUtilities.Extent_Reports.test_details(String)&amp;quot; because &amp;quot;Tests.ProductDetailsPageTest.testreports&amp;quot; is null">
      <![CDATA[java.lang.NullPointerException: Cannot invoke "CommonUtilities.Extent_Reports.test_details(String)" because "Tests.ProductDetailsPageTest.testreports" is null
at Tests.ProductDetailsPageTest.check_title_page(ProductDetailsPageTest.java:55)
at java.base/java.util.ArrayList.forEach(ArrayList.java:1511)
... Removed 25 stack frames]]>
    </failure>
  </testcase> <!-- check_title_page -->
  <testcase classname="Tests.ProductDetailsPageTest" name="verify_productdetailscreen" time="0.001">
    <failure type="java.lang.NullPointerException" message="Cannot invoke &amp;quot;CommonUtilities.Extent_Reports.test_details(String)&amp;quot; because &amp;quot;Tests.ProductDetailsPageTest.testreports&amp;quot; is null">
      <![CDATA[java.lang.NullPointerException: Cannot invoke "CommonUtilities.Extent_Reports.test_details(String)" because "Tests.ProductDetailsPageTest.testreports" is null
at Tests.ProductDetailsPageTest.verify_productdetailscreen(ProductDetailsPageTest.java:65)
at java.base/java.util.ArrayList.forEach(ArrayList.java:1511)
... Removed 25 stack frames]]>
    </failure>
  </testcase> <!-- verify_productdetailscreen -->
  <testcase classname="Tests.ProductDetailsPageTest" name="about_product" time="0.002">
    <failure type="java.lang.NullPointerException" message="Cannot invoke &amp;quot;CommonUtilities.Extent_Reports.test_details(String)&amp;quot; because &amp;quot;Tests.ProductDetailsPageTest.testreports&amp;quot; is null">
      <![CDATA[java.lang.NullPointerException: Cannot invoke "CommonUtilities.Extent_Reports.test_details(String)" because "Tests.ProductDetailsPageTest.testreports" is null
at Tests.ProductDetailsPageTest.about_product(ProductDetailsPageTest.java:74)
at java.base/java.util.ArrayList.forEach(ArrayList.java:1511)
... Removed 25 stack frames]]>
    </failure>
  </testcase> <!-- about_product -->
  <testcase classname="Tests.ShoppingCardPageTest" name="Verify_title_of_page" time="0.001">
    <failure type="java.lang.NullPointerException" message="Cannot invoke &amp;quot;CommonUtilities.Extent_Reports.test_details(String)&amp;quot; because &amp;quot;Tests.ShoppingCardPageTest.testreports&amp;quot; is null">
      <![CDATA[java.lang.NullPointerException: Cannot invoke "CommonUtilities.Extent_Reports.test_details(String)" because "Tests.ShoppingCardPageTest.testreports" is null
at Tests.ShoppingCardPageTest.Verify_title_of_page(ShoppingCardPageTest.java:51)
at java.base/java.util.ArrayList.forEach(ArrayList.java:1511)
... Removed 25 stack frames]]>
    </failure>
  </testcase> <!-- Verify_title_of_page -->
  <testcase classname="Tests.ShoppingCardPageTest" name="check_page" time="0.001">
    <failure type="java.lang.NullPointerException" message="Cannot invoke &amp;quot;CommonUtilities.Extent_Reports.test_details(String)&amp;quot; because &amp;quot;Tests.ShoppingCardPageTest.testreports&amp;quot; is null">
      <![CDATA[java.lang.NullPointerException: Cannot invoke "CommonUtilities.Extent_Reports.test_details(String)" because "Tests.ShoppingCardPageTest.testreports" is null
at Tests.ShoppingCardPageTest.check_page(ShoppingCardPageTest.java:60)
at java.base/java.util.ArrayList.forEach(ArrayList.java:1511)
... Removed 25 stack frames]]>
    </failure>
  </testcase> <!-- check_page -->
  <testcase classname="Tests.ShoppingCardPageTest" name="list_of_items" time="0.002">
    <failure type="java.lang.NullPointerException" message="Cannot invoke &amp;quot;CommonUtilities.Extent_Reports.test_details(String)&amp;quot; because &amp;quot;Tests.ShoppingCardPageTest.testreports&amp;quot; is null">
      <![CDATA[java.lang.NullPointerException: Cannot invoke "CommonUtilities.Extent_Reports.test_details(String)" because "Tests.ShoppingCardPageTest.testreports" is null
at Tests.ShoppingCardPageTest.list_of_items(ShoppingCardPageTest.java:82)
at java.base/java.util.ArrayList.forEach(ArrayList.java:1511)
... Removed 25 stack frames]]>
    </failure>
  </testcase> <!-- list_of_items -->
  <testcase classname="Tests.YourOrdersPageTest" name="check_title" time="0.001">
    <failure type="java.lang.NullPointerException" message="Cannot invoke &amp;quot;CommonUtilities.Extent_Reports.test_details(String)&amp;quot; because &amp;quot;Tests.YourOrdersPageTest.testreports&amp;quot; is null">
      <![CDATA[java.lang.NullPointerException: Cannot invoke "CommonUtilities.Extent_Reports.test_details(String)" because "Tests.YourOrdersPageTest.testreports" is null
at Tests.YourOrdersPageTest.check_title(YourOrdersPageTest.java:49)
at java.base/java.util.ArrayList.forEach(ArrayList.java:1511)
... Removed 25 stack frames]]>
    </failure>
  </testcase> <!-- check_title -->
  <testcase classname="Tests.YourOrdersPageTest" name="check_page" time="0.001">
    <failure type="java.lang.NullPointerException" message="Cannot invoke &amp;quot;CommonUtilities.Extent_Reports.test_details(String)&amp;quot; because &amp;quot;Tests.YourOrdersPageTest.testreports&amp;quot; is null">
      <![CDATA[java.lang.NullPointerException: Cannot invoke "CommonUtilities.Extent_Reports.test_details(String)" because "Tests.YourOrdersPageTest.testreports" is null
at Tests.YourOrdersPageTest.check_page(YourOrdersPageTest.java:59)
at java.base/java.util.ArrayList.forEach(ArrayList.java:1511)
... Removed 25 stack frames]]>
    </failure>
  </testcase> <!-- check_page -->
  <testcase classname="Tests.YourOrdersPageTest" name="get_yourorders_options" time="0.001">
    <failure type="java.lang.NullPointerException" message="Cannot invoke &amp;quot;CommonUtilities.Extent_Reports.test_details(String)&amp;quot; because &amp;quot;Tests.YourOrdersPageTest.testreports&amp;quot; is null">
      <![CDATA[java.lang.NullPointerException: Cannot invoke "CommonUtilities.Extent_Reports.test_details(String)" because "Tests.YourOrdersPageTest.testreports" is null
at Tests.YourOrdersPageTest.get_yourorders_options(YourOrdersPageTest.java:69)
at java.base/java.util.ArrayList.forEach(ArrayList.java:1511)
... Removed 25 stack frames]]>
    </failure>
  </testcase> <!-- get_yourorders_options -->
  <testcase classname="Tests.YourOrdersPageTest" name="check_path" time="0.001">
    <failure type="java.lang.NullPointerException" message="Cannot invoke &amp;quot;CommonUtilities.Extent_Reports.test_details(String)&amp;quot; because &amp;quot;Tests.YourOrdersPageTest.testreports&amp;quot; is null">
      <![CDATA[java.lang.NullPointerException: Cannot invoke "CommonUtilities.Extent_Reports.test_details(String)" because "Tests.YourOrdersPageTest.testreports" is null
at Tests.YourOrdersPageTest.check_path(YourOrdersPageTest.java:79)
at java.base/java.util.ArrayList.forEach(ArrayList.java:1511)
... Removed 25 stack frames]]>
    </failure>
  </testcase> <!-- check_path -->
  <testcase classname="Tests.DashboardPageTest" name="search_products" time="0.0">
    <ignored/>
  </testcase> <!-- search_products -->
  <testcase classname="Tests.ShoppingCardPageTest" name="do_checkout" time="0.0">
    <ignored/>
  </testcase> <!-- do_checkout -->
  <testcase classname="Tests.ShoppingCardPageTest" name="add_product" time="0.0">
    <ignored/>
  </testcase> <!-- add_product -->
</testsuite> <!-- Sanity_Test -->
