<?xml version="1.0" encoding="UTF-8"?>
<!-- Generated by org.testng.reporters.JUnitXMLReporter -->
<testsuite ignored="16" hostname="RGDevice" failures="5" tests="5" name="Test" time="0.198" errors="0" timestamp="2024-11-10T11:41:18 IST">
  <testcase classname="Tests.LoginPageTest" name="login" time="0.018">
    <failure type="java.lang.NullPointerException" message="Cannot invoke &amp;quot;ScreenRecording.CaptureVideo.StartRecording()&amp;quot; because &amp;quot;this.capturevideo&amp;quot; is null">
      <![CDATA[java.lang.NullPointerException: Cannot invoke "ScreenRecording.CaptureVideo.StartRecording()" because "this.capturevideo" is null
at Tests.LoginPageTest.login(LoginPageTest.java:64)
at java.base/java.util.ArrayList.forEach(ArrayList.java:1511)
... Removed 25 stack frames]]>
    </failure>
  </testcase> <!-- login -->
  <testcase classname="Tests.DashboardPageTest" name="search_products" time="0.101">
    <failure type="java.lang.NullPointerException" message="Cannot invoke &amp;quot;CommonUtilities.Extent_Reports.test_details(String)&amp;quot; because &amp;quot;Tests.DashboardPageTest.testreports&amp;quot; is null">
      <![CDATA[java.lang.NullPointerException: Cannot invoke "CommonUtilities.Extent_Reports.test_details(String)" because "Tests.DashboardPageTest.testreports" is null
at Tests.DashboardPageTest.search_products(DashboardPageTest.java:75)
at java.base/java.util.ArrayList.forEach(ArrayList.java:1511)
... Removed 25 stack frames]]>
    </failure>
  </testcase> <!-- search_products -->
  <testcase classname="Tests.YourOrdersPageTest" name="check_page" time="0.004">
    <failure type="java.lang.NullPointerException" message="Cannot invoke &amp;quot;CommonUtilities.Extent_Reports.test_details(String)&amp;quot; because &amp;quot;Tests.YourOrdersPageTest.testreports&amp;quot; is null">
      <![CDATA[java.lang.NullPointerException: Cannot invoke "CommonUtilities.Extent_Reports.test_details(String)" because "Tests.YourOrdersPageTest.testreports" is null
at Tests.YourOrdersPageTest.check_page(YourOrdersPageTest.java:59)
at java.base/java.util.ArrayList.forEach(ArrayList.java:1511)
... Removed 25 stack frames]]>
    </failure>
  </testcase> <!-- check_page -->
  <testcase classname="Tests.YourOrdersPageTest" name="check_path" time="0.002">
    <failure type="java.lang.NullPointerException" message="Cannot invoke &amp;quot;CommonUtilities.Extent_Reports.test_details(String)&amp;quot; because &amp;quot;Tests.YourOrdersPageTest.testreports&amp;quot; is null">
      <![CDATA[java.lang.NullPointerException: Cannot invoke "CommonUtilities.Extent_Reports.test_details(String)" because "Tests.YourOrdersPageTest.testreports" is null
at Tests.YourOrdersPageTest.check_path(YourOrdersPageTest.java:79)
at java.base/java.util.ArrayList.forEach(ArrayList.java:1511)
... Removed 25 stack frames]]>
    </failure>
  </testcase> <!-- check_path -->
  <testcase classname="Tests.ShoppingCardPageTest" name="do_checkout" time="0.001">
    <failure type="java.lang.NullPointerException" message="Cannot invoke &amp;quot;CommonUtilities.Extent_Reports.test_details(String)&amp;quot; because &amp;quot;Tests.ShoppingCardPageTest.testreports&amp;quot; is null">
      <![CDATA[java.lang.NullPointerException: Cannot invoke "CommonUtilities.Extent_Reports.test_details(String)" because "Tests.ShoppingCardPageTest.testreports" is null
at Tests.ShoppingCardPageTest.do_checkout(ShoppingCardPageTest.java:92)
at java.base/java.util.ArrayList.forEach(ArrayList.java:1511)
... Removed 25 stack frames]]>
    </failure>
  </testcase> <!-- do_checkout -->
  <testcase classname="Tests.DashboardPageTest" name="check_logo" time="0.0">
    <ignored/>
  </testcase> <!-- check_logo -->
  <testcase classname="Tests.ShoppingCardPageTest" name="Verify_title_of_page" time="0.0">
    <ignored/>
  </testcase> <!-- Verify_title_of_page -->
  <testcase classname="Tests.ShoppingCardPageTest" name="list_of_items" time="0.0">
    <ignored/>
  </testcase> <!-- list_of_items -->
  <testcase classname="Tests.ProductDetailsPageTest" name="about_product" time="0.0">
    <ignored/>
  </testcase> <!-- about_product -->
  <testcase classname="Tests.LoginPageTest" name="check_title" time="0.0">
    <ignored/>
  </testcase> <!-- check_title -->
  <testcase classname="Tests.DashboardPageTest" name="check_user_name" time="0.0">
    <ignored/>
  </testcase> <!-- check_user_name -->
  <testcase classname="Tests.YourOrdersPageTest" name="get_yourorders_options" time="0.0">
    <ignored/>
  </testcase> <!-- get_yourorders_options -->
  <testcase classname="Tests.LoginPageTest" name="verify_createaccount_option" time="0.0">
    <ignored/>
  </testcase> <!-- verify_createaccount_option -->
  <testcase classname="Tests.YourOrdersPageTest" name="check_title" time="0.0">
    <ignored/>
  </testcase> <!-- check_title -->
  <testcase classname="Tests.ProductDetailsPageTest" name="verify_productdetailscreen" time="0.0">
    <ignored/>
  </testcase> <!-- verify_productdetailscreen -->
  <testcase classname="Tests.ProductDetailsPageTest" name="check_title_page" time="0.0">
    <ignored/>
  </testcase> <!-- check_title_page -->
  <testcase classname="Tests.DashboardPageTest" name="get_elements" time="0.0">
    <ignored/>
  </testcase> <!-- get_elements -->
  <testcase classname="Tests.DashboardPageTest" name="get_title" time="0.0">
    <ignored/>
  </testcase> <!-- get_title -->
  <testcase classname="Tests.LoginPageTest" name="check_logo" time="0.0">
    <ignored/>
  </testcase> <!-- check_logo -->
  <testcase classname="Tests.ShoppingCardPageTest" name="add_product" time="0.0">
    <ignored/>
  </testcase> <!-- add_product -->
  <testcase classname="Tests.ShoppingCardPageTest" name="check_page" time="0.0">
    <ignored/>
  </testcase> <!-- check_page -->
</testsuite> <!-- Test -->
