<html>
<head>
<title>TestNG:  All_Test</title>
<link href="../testng.css" rel="stylesheet" type="text/css" />
<link href="../my-testng.css" rel="stylesheet" type="text/css" />

<style type="text/css">
.log { display: none;} 
.stack-trace { display: none;} 
</style>
<script type="text/javascript">
<!--
function flip(e) {
  current = e.style.display;
  if (current == 'block') {
    e.style.display = 'none';
    return 0;
  }
  else {
    e.style.display = 'block';
    return 1;
  }
}

function toggleBox(szDivId, elem, msg1, msg2)
{
  var res = -1;  if (document.getElementById) {
    res = flip(document.getElementById(szDivId));
  }
  else if (document.all) {
    // this is the way old msie versions work
    res = flip(document.all[szDivId]);
  }
  if(elem) {
    if(res == 0) elem.innerHTML = msg1; else elem.innerHTML = msg2;
  }

}

function toggleAllBoxes() {
  if (document.getElementsByTagName) {
    d = document.getElementsByTagName('div');
    for (i = 0; i < d.length; i++) {
      if (d[i].className == 'log') {
        flip(d[i]);
      }
    }
  }
}

// -->
</script>

</head>
<body>
<h2 align='center'>All_Test</h2><table border='1' align="center">
<tr>
<td>Tests passed/Failed/Skipped:</td><td>19/1/0</td>
</tr><tr>
<td>Started on:</td><td>Fri Nov 15 21:00:59 IST 2024</td>
</tr>
<tr><td>Total time:</td><td>237 seconds (237102 ms)</td>
</tr><tr>
<td>Included groups:</td><td></td>
</tr><tr>
<td>Excluded groups:</td><td></td>
</tr>
</table><p/>
<small><i>(Hover the method name to see the test class name)</i></small><p/>
<table width='100%' border='1' class='invocation-failed'>
<tr><td colspan='4' align='center'><b>FAILED TESTS</b></td></tr>
<tr><td><b>Test method</b></td>
<td width="30%"><b>Exception</b></td>
<td width="10%"><b>Time (seconds)</b></td>
<td><b>Instance</b></td>
</tr>
<tr>
<td title='Tests.DashboardPageTest.check_logo()'><b>check_logo</b><br>Test class: Tests.DashboardPageTest</td>
<td><div><pre>java.lang.AssertionError: expected [31] but found [50]
	at Pages.DashboardPage.verify_dashboard_logo(DashboardPage.java:64)
	at Tests.DashboardPageTest.check_logo(DashboardPageTest.java:55)
	at java.base/java.util.ArrayList.forEach(ArrayList.java:1511)
... Removed 31 stack frames</pre></div><a href='#' onClick='toggleBox("stack-trace1442768482", this, "Click to show all stack frames", "Click to hide stack frames")'>Click to show all stack frames</a>
<div class='stack-trace' id='stack-trace1442768482'><pre>java.lang.AssertionError: expected [31] but found [50]
	at org.testng.Assert.fail(Assert.java:99)
	at org.testng.Assert.failNotEquals(Assert.java:1037)
	at org.testng.Assert.assertEqualsImpl(Assert.java:140)
	at org.testng.Assert.assertEquals(Assert.java:122)
	at org.testng.Assert.assertEquals(Assert.java:907)
	at org.testng.Assert.assertEquals(Assert.java:917)
	at Pages.DashboardPage.verify_dashboard_logo(DashboardPage.java:64)
	at Tests.DashboardPageTest.check_logo(DashboardPageTest.java:55)
	at java.base/jdk.internal.reflect.DirectMethodHandleAccessor.invoke(DirectMethodHandleAccessor.java:104)
	at java.base/java.lang.reflect.Method.invoke(Method.java:578)
	at org.testng.internal.MethodInvocationHelper.invokeMethod(MethodInvocationHelper.java:133)
	at org.testng.internal.TestInvoker.invokeMethod(TestInvoker.java:598)
	at org.testng.internal.TestInvoker.invokeTestMethod(TestInvoker.java:173)
	at org.testng.internal.MethodRunner.runInSequence(MethodRunner.java:46)
	at org.testng.internal.TestInvoker$MethodInvocationAgent.invoke(TestInvoker.java:824)
	at org.testng.internal.TestInvoker.invokeTestMethods(TestInvoker.java:146)
	at org.testng.internal.TestMethodWorker.invokeTestMethods(TestMethodWorker.java:146)
	at org.testng.internal.TestMethodWorker.run(TestMethodWorker.java:128)
	at java.base/java.util.ArrayList.forEach(ArrayList.java:1511)
	at org.testng.TestRunner.privateRun(TestRunner.java:794)
	at org.testng.TestRunner.run(TestRunner.java:596)
	at org.testng.SuiteRunner.runTest(SuiteRunner.java:377)
	at org.testng.SuiteRunner.runSequentially(SuiteRunner.java:371)
	at org.testng.SuiteRunner.privateRun(SuiteRunner.java:332)
	at org.testng.SuiteRunner.run(SuiteRunner.java:276)
	at org.testng.SuiteRunnerWorker.runSuite(SuiteRunnerWorker.java:53)
	at org.testng.SuiteRunnerWorker.run(SuiteRunnerWorker.java:96)
	at org.testng.TestNG.runSuitesSequentially(TestNG.java:1212)
	at org.testng.TestNG.runSuitesLocally(TestNG.java:1134)
	at org.testng.TestNG.runSuites(TestNG.java:1063)
	at org.testng.TestNG.run(TestNG.java:1031)
	at org.testng.remote.AbstractRemoteTestNG.run(AbstractRemoteTestNG.java:115)
	at org.testng.remote.RemoteTestNG.initAndRun(RemoteTestNG.java:293)
	at org.testng.remote.RemoteTestNG.main(RemoteTestNG.java:91)
</pre></div></td>
<td>9</td>
<td>Tests.DashboardPageTest@bcec361</td></tr>
</table><p>
<table width='100%' border='1' class='invocation-passed'>
<tr><td colspan='4' align='center'><b>PASSED TESTS</b></td></tr>
<tr><td><b>Test method</b></td>
<td width="30%"><b>Exception</b></td>
<td width="10%"><b>Time (seconds)</b></td>
<td><b>Instance</b></td>
</tr>
<tr>
<td title='Tests.LoginPageTest.check_title()'><b>check_title</b><br>Test class: Tests.LoginPageTest</td>
<td></td>
<td>0</td>
<td>Tests.LoginPageTest@3cd3e762</td></tr>
<tr>
<td title='Tests.YourOrdersPageTest.get_yourorders_options()'><b>get_yourorders_options</b><br>Test class: Tests.YourOrdersPageTest</td>
<td></td>
<td>12</td>
<td>Tests.YourOrdersPageTest@367ffa75</td></tr>
<tr>
<td title='Tests.LoginPageTest.login()'><b>login</b><br>Test class: Tests.LoginPageTest</td>
<td></td>
<td>3</td>
<td>Tests.LoginPageTest@3cd3e762</td></tr>
<tr>
<td title='Tests.ProductDetailsPageTest.verify_productdetailscreen()'><b>verify_productdetailscreen</b><br>Test class: Tests.ProductDetailsPageTest</td>
<td></td>
<td>5</td>
<td>Tests.ProductDetailsPageTest@302552ec</td></tr>
<tr>
<td title='Tests.YourOrdersPageTest.check_path()'><b>check_path</b><br>Test class: Tests.YourOrdersPageTest</td>
<td></td>
<td>11</td>
<td>Tests.YourOrdersPageTest@367ffa75</td></tr>
<tr>
<td title='Tests.ShoppingCardPageTest.list_of_items()'><b>list_of_items</b><br>Test class: Tests.ShoppingCardPageTest</td>
<td></td>
<td>5</td>
<td>Tests.ShoppingCardPageTest@40005471</td></tr>
<tr>
<td title='Tests.DashboardPageTest.check_user_name()'><b>check_user_name</b><br>Test class: Tests.DashboardPageTest</td>
<td></td>
<td>4</td>
<td>Tests.DashboardPageTest@bcec361</td></tr>
<tr>
<td title='Tests.DashboardPageTest.get_title()'><b>get_title</b><br>Test class: Tests.DashboardPageTest</td>
<td></td>
<td>4</td>
<td>Tests.DashboardPageTest@bcec361</td></tr>
<tr>
<td title='Tests.LoginPageTest.check_logo()'><b>check_logo</b><br>Test class: Tests.LoginPageTest</td>
<td></td>
<td>0</td>
<td>Tests.LoginPageTest@3cd3e762</td></tr>
<tr>
<td title='Tests.ShoppingCardPageTest.do_checkout()'><b>do_checkout</b><br>Test class: Tests.ShoppingCardPageTest</td>
<td></td>
<td>13</td>
<td>Tests.ShoppingCardPageTest@40005471</td></tr>
<tr>
<td title='Tests.ShoppingCardPageTest.check_page()'><b>check_page</b><br>Test class: Tests.ShoppingCardPageTest</td>
<td></td>
<td>4</td>
<td>Tests.ShoppingCardPageTest@40005471</td></tr>
<tr>
<td title='Tests.YourOrdersPageTest.check_title()'><b>check_title</b><br>Test class: Tests.YourOrdersPageTest</td>
<td></td>
<td>6</td>
<td>Tests.YourOrdersPageTest@367ffa75</td></tr>
<tr>
<td title='Tests.DashboardPageTest.search_products()'><b>search_products</b><br>Test class: Tests.DashboardPageTest</td>
<td></td>
<td>6</td>
<td>Tests.DashboardPageTest@bcec361</td></tr>
<tr>
<td title='Tests.ProductDetailsPageTest.check_title_page()'><b>check_title_page</b><br>Test class: Tests.ProductDetailsPageTest</td>
<td></td>
<td>6</td>
<td>Tests.ProductDetailsPageTest@302552ec</td></tr>
<tr>
<td title='Tests.DashboardPageTest.get_elements()'><b>get_elements</b><br>Test class: Tests.DashboardPageTest</td>
<td></td>
<td>3</td>
<td>Tests.DashboardPageTest@bcec361</td></tr>
<tr>
<td title='Tests.YourOrdersPageTest.check_page()'><b>check_page</b><br>Test class: Tests.YourOrdersPageTest</td>
<td></td>
<td>4</td>
<td>Tests.YourOrdersPageTest@367ffa75</td></tr>
<tr>
<td title='Tests.LoginPageTest.verify_createaccount_option()'><b>verify_createaccount_option</b><br>Test class: Tests.LoginPageTest</td>
<td></td>
<td>0</td>
<td>Tests.LoginPageTest@3cd3e762</td></tr>
<tr>
<td title='Tests.ShoppingCardPageTest.Verify_title_of_page()'><b>Verify_title_of_page</b><br>Test class: Tests.ShoppingCardPageTest</td>
<td></td>
<td>5</td>
<td>Tests.ShoppingCardPageTest@40005471</td></tr>
<tr>
<td title='Tests.ProductDetailsPageTest.about_product()'><b>about_product</b><br>Test class: Tests.ProductDetailsPageTest</td>
<td></td>
<td>5</td>
<td>Tests.ProductDetailsPageTest@302552ec</td></tr>
</table><p>
</body>
</html>