<!DOCTYPE html PUBLIC "-//W3C//DTD XHTML 1.1//EN" "https://www.w3.org/TR/xhtml11/DTD/xhtml11.dtd">
<html xmlns="https://www.w3.org/1999/xhtml">
<head>
<meta http-equiv="content-type" content="text/html; charset=UTF-8"/>
<title>TestNG Report</title>
<style type="text/css">table {margin-bottom:10px;border-collapse:collapse;empty-cells:show}th,td {border:1px solid #009;padding:.25em .5em}th {vertical-align:bottom}td {vertical-align:top}table a {font-weight:bold}.stripe td {background-color: #E6EBF9}.num {text-align:right}.passedodd td {background-color: #3F3}.passedeven td {background-color: #0A0}.skippedodd td {background-color: #DDD}.skippedeven td {background-color: #CCC}.failedodd td,.attn {background-color: #F33}.failedeven td,.stripe .attn {background-color: #D00}.stacktrace {white-space:pre;font-family:monospace}.totop {font-size:85%;text-align:center;border-bottom:2px solid #000}.invisible {display:none}</style>
</head>
<body>
<table>
<tr><th>Test</th><th># Passed</th><th># Skipped</th><th># Retried</th><th># Failed</th><th>Time (ms)</th><th>Included Groups</th><th>Excluded Groups</th></tr>
<tr><th colspan="8">Surefire suite</th></tr>
<tr><td><a href="#t0">Surefire test</a></td><td class="num">18</td><td class="num attn">1</td><td class="num">0</td><td class="num attn">1</td><td class="num">238,663</td><td></td><td></td></tr>
</table>
<table id='summary'><thead><tr><th>Class</th><th>Method</th><th>Start</th><th>Time (ms)</th></tr></thead><tbody><tr><th colspan="4">Surefire suite</th></tr></tbody><tbody id="t0"><tr><th colspan="4">Surefire test &#8212; failed (configuration methods)</th></tr><tr class="failedeven"><td rowspan="1">Tests.DashboardPageTest</td><td><a href="#m0">initialize</a></td><td rowspan="1">1731758943222</td><td rowspan="1">1395</td></tr><tr><th colspan="4">Surefire test &#8212; failed</th></tr><tr class="failedeven"><td rowspan="1">Tests.DashboardPageTest</td><td><a href="#m1">check_logo</a></td><td rowspan="1">1731758906347</td><td rowspan="1">4629</td></tr><tr><th colspan="4">Surefire test &#8212; skipped (configuration methods)</th></tr><tr class="skippedeven"><td rowspan="1">BaseTest.Base_Test</td><td><a href="#m2">tearDownReport</a></td><td rowspan="1">1731759123086</td><td rowspan="1">0</td></tr><tr class="skippedodd"><td rowspan="2">Tests.DashboardPageTest</td><td><a href="#m3">deactive</a></td><td rowspan="1">1731758944627</td><td rowspan="1">0</td></tr><tr class="skippedodd"><td><a href="#m4">tdown</a></td><td rowspan="1">1731758944626</td><td rowspan="1">0</td></tr><tr><th colspan="4">Surefire test &#8212; skipped</th></tr><tr class="skippedeven"><td rowspan="1">Tests.DashboardPageTest</td><td><a href="#m5">check_user_name</a></td><td rowspan="1">1731758944624</td><td rowspan="1">1</td></tr><tr><th colspan="4">Surefire test &#8212; passed</th></tr><tr class="passedeven"><td rowspan="3">Tests.DashboardPageTest</td><td><a href="#m6">get_elements</a></td><td rowspan="1">1731758916343</td><td rowspan="1">5236</td></tr><tr class="passedeven"><td><a href="#m7">get_title</a></td><td rowspan="1">1731758899176</td><td rowspan="1">535</td></tr><tr class="passedeven"><td><a href="#m8">search_products</a></td><td rowspan="1">1731758926545</td><td rowspan="1">9600</td></tr><tr class="passedodd"><td rowspan="4">Tests.LoginPageTest</td><td><a href="#m9">check_logo</a></td><td rowspan="1">1731758987643</td><td rowspan="1">133</td></tr><tr class="passedodd"><td><a href="#m10">check_title</a></td><td rowspan="1">1731758947767</td><td rowspan="1">17</td></tr><tr class="passedodd"><td><a href="#m11">login</a></td><td rowspan="1">1731758990822</td><td rowspan="1">2717</td></tr><tr class="passedodd"><td><a href="#m12">verify_createaccount_option</a></td><td rowspan="1">1731758999595</td><td rowspan="1">38</td></tr><tr class="passedeven"><td rowspan="3">Tests.ProductDetailsPageTest</td><td><a href="#m13">about_product</a></td><td rowspan="1">1731759042124</td><td rowspan="1">5450</td></tr><tr class="passedeven"><td><a href="#m14">check_title_page</a></td><td rowspan="1">1731759010927</td><td rowspan="1">5594</td></tr><tr class="passedeven"><td><a href="#m15">verify_productdetailscreen</a></td><td rowspan="1">1731759026789</td><td rowspan="1">4551</td></tr><tr class="passedodd"><td rowspan="4">Tests.ShoppingCardPageTest</td><td><a href="#m16">Verify_title_of_page</a></td><td rowspan="1">1731759050531</td><td rowspan="1">5713</td></tr><tr class="passedodd"><td><a href="#m17">check_page</a></td><td rowspan="1">1731759059555</td><td rowspan="1">4407</td></tr><tr class="passedodd"><td><a href="#m18">do_checkout</a></td><td rowspan="1">1731759074290</td><td rowspan="1">8246</td></tr><tr class="passedodd"><td><a href="#m19">list_of_items</a></td><td rowspan="1">1731759067047</td><td rowspan="1">3992</td></tr><tr class="passedeven"><td rowspan="4">Tests.YourOrdersPageTest</td><td><a href="#m20">check_page</a></td><td rowspan="1">1731759093428</td><td rowspan="1">4329</td></tr><tr class="passedeven"><td><a href="#m21">check_path</a></td><td rowspan="1">1731759113140</td><td rowspan="1">9567</td></tr><tr class="passedeven"><td><a href="#m22">check_title</a></td><td rowspan="1">1731759085600</td><td rowspan="1">4632</td></tr><tr class="passedeven"><td><a href="#m23">get_yourorders_options</a></td><td rowspan="1">1731759101355</td><td rowspan="1">8647</td></tr></tbody>
</table>
<h2>Surefire test</h2><h3 id="m0">Tests.DashboardPageTest#initialize</h3><table class="result"><tr><th>Exception</th></tr><tr><td><div class="stacktrace">org.openqa.selenium.WebDriverException: disconnected: Unable to receive message from renderer
  (failed to check if window was closed: disconnected: not connected to DevTools)
  (Session info: chrome=130.0.6723.119)
Build info: version: &apos;4.25.0&apos;, revision: &apos;8a8aea2337&apos;
System info: os.name: &apos;Windows 10&apos;, os.arch: &apos;amd64&apos;, os.version: &apos;10.0&apos;, java.version: &apos;20.0.1&apos;
Driver info: org.openqa.selenium.chrome.ChromeDriver
Command: [a0cd371490c11b45fb0574350f901959, clickElement {id=f.47EB668673A607D543D7FE2F33F2CB15.d.79E1DB3AF621063DBD9F7C051089239C.e.25}]
Capabilities {acceptInsecureCerts: false, browserName: chrome, browserVersion: 130.0.6723.119, chrome: {chromedriverVersion: 130.0.6723.116 (6ac35f94ae3..., userDataDir: C:\Users\Admin\AppData\Loca...}, fedcm:accounts: true, goog:chromeOptions: {debuggerAddress: localhost:49773}, networkConnectionEnabled: false, pageLoadStrategy: normal, platformName: windows, proxy: Proxy(), se:cdp: ws://localhost:49773/devtoo..., se:cdpVersion: 130.0.6723.119, setWindowRect: true, strictFileInteractability: false, timeouts: {implicit: 0, pageLoad: 300000, script: 30000}, unhandledPromptBehavior: dismiss and notify, webauthn:extension:credBlob: true, webauthn:extension:largeBlob: true, webauthn:extension:minPinLength: true, webauthn:extension:prf: true, webauthn:virtualAuthenticators: true}
Element: [[ChromeDriver: chrome on windows (a0cd371490c11b45fb0574350f901959)] -&gt; css selector: span#continue]
Session ID: a0cd371490c11b45fb0574350f901959
	at org.openqa.selenium.remote.ErrorCodec.decode(ErrorCodec.java:167)
	at org.openqa.selenium.remote.codec.w3c.W3CHttpResponseCodec.decode(W3CHttpResponseCodec.java:138)
	at org.openqa.selenium.remote.codec.w3c.W3CHttpResponseCodec.decode(W3CHttpResponseCodec.java:50)
	at org.openqa.selenium.remote.HttpCommandExecutor.execute(HttpCommandExecutor.java:190)
	at org.openqa.selenium.remote.service.DriverCommandExecutor.invokeExecute(DriverCommandExecutor.java:216)
	at org.openqa.selenium.remote.service.DriverCommandExecutor.execute(DriverCommandExecutor.java:174)
	at org.openqa.selenium.remote.RemoteWebDriver.execute(RemoteWebDriver.java:545)
	at org.openqa.selenium.remote.RemoteWebElement.execute(RemoteWebElement.java:223)
	at org.openqa.selenium.remote.RemoteWebElement.click(RemoteWebElement.java:76)
	at org.openqa.selenium.support.pagefactory.internal.LocatingElementHandler.invoke(LocatingElementHandler.java:51)
	at jdk.proxy2/jdk.proxy2.$Proxy15.click(Unknown Source)
	at Pages.LoginPage.do_login(LoginPage.java:83)
	at Tests.DashboardPageTest.initialize(DashboardPageTest.java:34)
	at java.base/java.util.ArrayList.forEach(ArrayList.java:1511)
... Removed 39 stack frames</div></td></tr></table><p class="totop"><a href="#summary">back to summary</a></p>
<h3 id="m1">Tests.DashboardPageTest#check_logo</h3><table class="result"><tr><th>Exception</th></tr><tr><td><div class="stacktrace">java.lang.AssertionError: expected [103] but found [129]
	at Pages.DashboardPage.verify_dashboard_logo(DashboardPage.java:65)
	at Tests.DashboardPageTest.check_logo(DashboardPageTest.java:55)
	at java.base/java.util.ArrayList.forEach(ArrayList.java:1511)
... Removed 37 stack frames</div></td></tr></table><p class="totop"><a href="#summary">back to summary</a></p>
<h3 id="m2">BaseTest.Base_Test#tearDownReport</h3><table class="result"><tr><th class="invisible"/></tr></table><p class="totop"><a href="#summary">back to summary</a></p>
<h3 id="m3">Tests.DashboardPageTest#deactive</h3><table class="result"><tr><th class="invisible"/></tr></table><p class="totop"><a href="#summary">back to summary</a></p>
<h3 id="m4">Tests.DashboardPageTest#tdown</h3><table class="result"><tr><th class="invisible"/></tr></table><p class="totop"><a href="#summary">back to summary</a></p>
<h3 id="m5">Tests.DashboardPageTest#check_user_name</h3><table class="result"><tr><th>Exception</th></tr><tr><td><div class="stacktrace">org.openqa.selenium.WebDriverException: disconnected: Unable to receive message from renderer
  (failed to check if window was closed: disconnected: not connected to DevTools)
  (Session info: chrome=130.0.6723.119)
Build info: version: &apos;4.25.0&apos;, revision: &apos;8a8aea2337&apos;
System info: os.name: &apos;Windows 10&apos;, os.arch: &apos;amd64&apos;, os.version: &apos;10.0&apos;, java.version: &apos;20.0.1&apos;
Driver info: org.openqa.selenium.chrome.ChromeDriver
Command: [a0cd371490c11b45fb0574350f901959, clickElement {id=f.47EB668673A607D543D7FE2F33F2CB15.d.79E1DB3AF621063DBD9F7C051089239C.e.25}]
Capabilities {acceptInsecureCerts: false, browserName: chrome, browserVersion: 130.0.6723.119, chrome: {chromedriverVersion: 130.0.6723.116 (6ac35f94ae3..., userDataDir: C:\Users\Admin\AppData\Loca...}, fedcm:accounts: true, goog:chromeOptions: {debuggerAddress: localhost:49773}, networkConnectionEnabled: false, pageLoadStrategy: normal, platformName: windows, proxy: Proxy(), se:cdp: ws://localhost:49773/devtoo..., se:cdpVersion: 130.0.6723.119, setWindowRect: true, strictFileInteractability: false, timeouts: {implicit: 0, pageLoad: 300000, script: 30000}, unhandledPromptBehavior: dismiss and notify, webauthn:extension:credBlob: true, webauthn:extension:largeBlob: true, webauthn:extension:minPinLength: true, webauthn:extension:prf: true, webauthn:virtualAuthenticators: true}
Element: [[ChromeDriver: chrome on windows (a0cd371490c11b45fb0574350f901959)] -&gt; css selector: span#continue]
Session ID: a0cd371490c11b45fb0574350f901959
	at org.openqa.selenium.remote.ErrorCodec.decode(ErrorCodec.java:167)
	at org.openqa.selenium.remote.codec.w3c.W3CHttpResponseCodec.decode(W3CHttpResponseCodec.java:138)
	at org.openqa.selenium.remote.codec.w3c.W3CHttpResponseCodec.decode(W3CHttpResponseCodec.java:50)
	at org.openqa.selenium.remote.HttpCommandExecutor.execute(HttpCommandExecutor.java:190)
	at org.openqa.selenium.remote.service.DriverCommandExecutor.invokeExecute(DriverCommandExecutor.java:216)
	at org.openqa.selenium.remote.service.DriverCommandExecutor.execute(DriverCommandExecutor.java:174)
	at org.openqa.selenium.remote.RemoteWebDriver.execute(RemoteWebDriver.java:545)
	at org.openqa.selenium.remote.RemoteWebElement.execute(RemoteWebElement.java:223)
	at org.openqa.selenium.remote.RemoteWebElement.click(RemoteWebElement.java:76)
	at org.openqa.selenium.support.pagefactory.internal.LocatingElementHandler.invoke(LocatingElementHandler.java:51)
	at jdk.proxy2/jdk.proxy2.$Proxy15.click(Unknown Source)
	at Pages.LoginPage.do_login(LoginPage.java:83)
	at Tests.DashboardPageTest.initialize(DashboardPageTest.java:34)
	at java.base/java.util.ArrayList.forEach(ArrayList.java:1511)
... Removed 39 stack frames</div></td></tr></table><p class="totop"><a href="#summary">back to summary</a></p>
<h3 id="m6">Tests.DashboardPageTest#get_elements</h3><table class="result"><tr><th class="invisible"/></tr></table><p class="totop"><a href="#summary">back to summary</a></p>
<h3 id="m7">Tests.DashboardPageTest#get_title</h3><table class="result"><tr><th class="invisible"/></tr></table><p class="totop"><a href="#summary">back to summary</a></p>
<h3 id="m8">Tests.DashboardPageTest#search_products</h3><table class="result"><tr><th class="invisible"/></tr></table><p class="totop"><a href="#summary">back to summary</a></p>
<h3 id="m9">Tests.LoginPageTest#check_logo</h3><table class="result"><tr><th class="invisible"/></tr></table><p class="totop"><a href="#summary">back to summary</a></p>
<h3 id="m10">Tests.LoginPageTest#check_title</h3><table class="result"><tr><th class="invisible"/></tr></table><p class="totop"><a href="#summary">back to summary</a></p>
<h3 id="m11">Tests.LoginPageTest#login</h3><table class="result"><tr><th class="invisible"/></tr></table><p class="totop"><a href="#summary">back to summary</a></p>
<h3 id="m12">Tests.LoginPageTest#verify_createaccount_option</h3><table class="result"><tr><th class="invisible"/></tr></table><p class="totop"><a href="#summary">back to summary</a></p>
<h3 id="m13">Tests.ProductDetailsPageTest#about_product</h3><table class="result"><tr><th class="invisible"/></tr></table><p class="totop"><a href="#summary">back to summary</a></p>
<h3 id="m14">Tests.ProductDetailsPageTest#check_title_page</h3><table class="result"><tr><th class="invisible"/></tr></table><p class="totop"><a href="#summary">back to summary</a></p>
<h3 id="m15">Tests.ProductDetailsPageTest#verify_productdetailscreen</h3><table class="result"><tr><th class="invisible"/></tr></table><p class="totop"><a href="#summary">back to summary</a></p>
<h3 id="m16">Tests.ShoppingCardPageTest#Verify_title_of_page</h3><table class="result"><tr><th class="invisible"/></tr></table><p class="totop"><a href="#summary">back to summary</a></p>
<h3 id="m17">Tests.ShoppingCardPageTest#check_page</h3><table class="result"><tr><th class="invisible"/></tr></table><p class="totop"><a href="#summary">back to summary</a></p>
<h3 id="m18">Tests.ShoppingCardPageTest#do_checkout</h3><table class="result"><tr><th class="invisible"/></tr></table><p class="totop"><a href="#summary">back to summary</a></p>
<h3 id="m19">Tests.ShoppingCardPageTest#list_of_items</h3><table class="result"><tr><th class="invisible"/></tr></table><p class="totop"><a href="#summary">back to summary</a></p>
<h3 id="m20">Tests.YourOrdersPageTest#check_page</h3><table class="result"><tr><th class="invisible"/></tr></table><p class="totop"><a href="#summary">back to summary</a></p>
<h3 id="m21">Tests.YourOrdersPageTest#check_path</h3><table class="result"><tr><th class="invisible"/></tr></table><p class="totop"><a href="#summary">back to summary</a></p>
<h3 id="m22">Tests.YourOrdersPageTest#check_title</h3><table class="result"><tr><th class="invisible"/></tr></table><p class="totop"><a href="#summary">back to summary</a></p>
<h3 id="m23">Tests.YourOrdersPageTest#get_yourorders_options</h3><table class="result"><tr><th class="invisible"/></tr></table><p class="totop"><a href="#summary">back to summary</a></p>
</body>
</html>
