<!DOCTYPE html>

<html>
  <head>
  <meta charset='utf-8'>
  <title>TestNG reports</title>

    <link type="text/css" href="testng-reports1.css" rel="stylesheet" id="ultra" />
    <link type="text/css" href="testng-reports.css" rel="stylesheet" id="retro" disabled="false"/>
    <script type="text/javascript" src="jquery.min.js"></script>
    <script type="text/javascript" src="testng-reports.js"></script>
    <script type="text/javascript" src="https://www.google.com/jsapi"></script>
    <script type='text/javascript'>
      google.load('visualization', '1', {packages:['table']});
      google.setOnLoadCallback(drawTable);
      var suiteTableInitFunctions = new Array();
      var suiteTableData = new Array();
    </script>
    <!--
      <script type="text/javascript" src="jquery-ui/js/jquery-ui-1.8.16.custom.min.js"></script>
     -->
  </head>

  <body>
    <div class="top-banner-root">
      <span class="top-banner-title-font">Test results</span>
      <button id="button" class="button">Switch Retro Theme</button> <!-- button -->
      <br/>
      <span class="top-banner-font-1">1 suite, 1 failed test</span>
    </div> <!-- top-banner-root -->
    <div class="navigator-root">
      <div class="navigator-suite-header">
        <span>All suites</span>
        <a href="#" title="Collapse/expand all the suites" class="collapse-all-link">
          <img src="collapseall.gif" class="collapse-all-icon">
          </img> <!-- collapse-all-icon -->
        </a> <!-- collapse-all-link -->
      </div> <!-- navigator-suite-header -->
      <div class="suite">
        <div class="rounded-window">
          <div class="suite-header light-rounded-window-top">
            <a href="#" panel-name="suite-Test_Suite_with_iRetryAnalyzer" class="navigator-link">
              <span class="suite-name border-failed">Test_Suite_with_iRetryAnalyzer</span>
            </a> <!-- navigator-link -->
          </div> <!-- suite-header light-rounded-window-top -->
          <div class="navigator-suite-content">
            <div class="suite-section-title">
              <span>Info</span>
            </div> <!-- suite-section-title -->
            <div class="suite-section-content">
              <ul>
                <li>
                  <a href="#" panel-name="test-xml-Test_Suite_with_iRetryAnalyzer" class="navigator-link ">
                    <span>E:\Automation_Framework\POM\Testng_with_iRetryAnalyzer.xml</span>
                  </a> <!-- navigator-link  -->
                </li>
                <li>
                  <a href="#" panel-name="testlist-Test_Suite_with_iRetryAnalyzer" class="navigator-link ">
                    <span class="test-stats">1 test</span>
                  </a> <!-- navigator-link  -->
                </li>
                <li>
                  <a href="#" panel-name="group-Test_Suite_with_iRetryAnalyzer" class="navigator-link ">
                    <span>2 groups</span>
                  </a> <!-- navigator-link  -->
                </li>
                <li>
                  <a href="#" panel-name="times-Test_Suite_with_iRetryAnalyzer" class="navigator-link ">
                    <span>Times</span>
                  </a> <!-- navigator-link  -->
                </li>
                <li>
                  <a href="#" panel-name="reporter-Test_Suite_with_iRetryAnalyzer" class="navigator-link ">
                    <span>Reporter output</span>
                  </a> <!-- navigator-link  -->
                </li>
                <li>
                  <a href="#" panel-name="ignored-methods-Test_Suite_with_iRetryAnalyzer" class="navigator-link ">
                    <span>Ignored methods</span>
                  </a> <!-- navigator-link  -->
                </li>
                <li>
                  <a href="#" panel-name="chronological-Test_Suite_with_iRetryAnalyzer" class="navigator-link ">
                    <span>Chronological view</span>
                  </a> <!-- navigator-link  -->
                </li>
              </ul>
            </div> <!-- suite-section-content -->
            <div class="result-section">
              <div class="suite-section-title">
                <span>Results</span>
              </div> <!-- suite-section-title -->
              <div class="suite-section-content">
                <ul>
                  <li>
                    <span class="method-stats">13 methods, 1 failed,  3 skipped,  9 passed</span>
                  </li>
                  <li>
                    <span class="method-list-title failed">Failed methods</span>
                    <span class="show-or-hide-methods failed">
                      <a href="#" panel-name="suite-Test_Suite_with_iRetryAnalyzer" class="hide-methods failed suite-Test_Suite_with_iRetryAnalyzer"> (hide)</a> <!-- hide-methods failed suite-Test_Suite_with_iRetryAnalyzer -->
                      <a href="#" panel-name="suite-Test_Suite_with_iRetryAnalyzer" class="show-methods failed suite-Test_Suite_with_iRetryAnalyzer"> (show)</a> <!-- show-methods failed suite-Test_Suite_with_iRetryAnalyzer -->
                    </span>
                    <div class="method-list-content failed suite-Test_Suite_with_iRetryAnalyzer">
                      <span>
                        <img src="failed.png" width="3%"/>
                        <a href="#" panel-name="suite-Test_Suite_with_iRetryAnalyzer" title="Tests.ProductDetailsPageTest" class="method navigator-link" hash-for-method="check_title_page">check_title_page</a> <!-- method navigator-link -->
                      </span>
                      <br/>
                    </div> <!-- method-list-content failed suite-Test_Suite_with_iRetryAnalyzer -->
                  </li>
                  <li>
                    <span class="method-list-title skipped">Retried methods</span>
                    <span class="show-or-hide-methods skipped">
                      <a href="#" panel-name="suite-Test_Suite_with_iRetryAnalyzer" class="hide-methods skipped suite-Test_Suite_with_iRetryAnalyzer"> (hide)</a> <!-- hide-methods skipped suite-Test_Suite_with_iRetryAnalyzer -->
                      <a href="#" panel-name="suite-Test_Suite_with_iRetryAnalyzer" class="show-methods skipped suite-Test_Suite_with_iRetryAnalyzer"> (show)</a> <!-- show-methods skipped suite-Test_Suite_with_iRetryAnalyzer -->
                    </span>
                    <div class="method-list-content skipped suite-Test_Suite_with_iRetryAnalyzer">
                      <span>
                        <img src="skipped.png" width="3%"/>
                        <a href="#" panel-name="suite-Test_Suite_with_iRetryAnalyzer" title="Tests.ProductDetailsPageTest" class="method navigator-link" hash-for-method="check_title_page">check_title_page</a> <!-- method navigator-link -->
                      </span>
                      <br/>
                      <span>
                        <img src="skipped.png" width="3%"/>
                        <a href="#" panel-name="suite-Test_Suite_with_iRetryAnalyzer" title="Tests.ProductDetailsPageTest" class="method navigator-link" hash-for-method="check_title_page">check_title_page</a> <!-- method navigator-link -->
                      </span>
                      <br/>
                      <span>
                        <img src="skipped.png" width="3%"/>
                        <a href="#" panel-name="suite-Test_Suite_with_iRetryAnalyzer" title="Tests.ProductDetailsPageTest" class="method navigator-link" hash-for-method="check_title_page">check_title_page</a> <!-- method navigator-link -->
                      </span>
                      <br/>
                    </div> <!-- method-list-content skipped suite-Test_Suite_with_iRetryAnalyzer -->
                  </li>
                  <li>
                    <span class="method-list-title passed">Passed methods</span>
                    <span class="show-or-hide-methods passed">
                      <a href="#" panel-name="suite-Test_Suite_with_iRetryAnalyzer" class="hide-methods passed suite-Test_Suite_with_iRetryAnalyzer"> (hide)</a> <!-- hide-methods passed suite-Test_Suite_with_iRetryAnalyzer -->
                      <a href="#" panel-name="suite-Test_Suite_with_iRetryAnalyzer" class="show-methods passed suite-Test_Suite_with_iRetryAnalyzer"> (show)</a> <!-- show-methods passed suite-Test_Suite_with_iRetryAnalyzer -->
                    </span>
                    <div class="method-list-content passed suite-Test_Suite_with_iRetryAnalyzer">
                      <span>
                        <img src="passed.png" width="3%"/>
                        <a href="#" panel-name="suite-Test_Suite_with_iRetryAnalyzer" title="Tests.ShoppingCardPageTest" class="method navigator-link" hash-for-method="Verify_title_of_page">Verify_title_of_page</a> <!-- method navigator-link -->
                      </span>
                      <br/>
                      <span>
                        <img src="passed.png" width="3%"/>
                        <a href="#" panel-name="suite-Test_Suite_with_iRetryAnalyzer" title="Tests.ProductDetailsPageTest" class="method navigator-link" hash-for-method="about_product">about_product</a> <!-- method navigator-link -->
                      </span>
                      <br/>
                      <span>
                        <img src="passed.png" width="3%"/>
                        <a href="#" panel-name="suite-Test_Suite_with_iRetryAnalyzer" title="Tests.LoginPageTest" class="method navigator-link" hash-for-method="check_title">check_title</a> <!-- method navigator-link -->
                      </span>
                      <br/>
                      <span>
                        <img src="passed.png" width="3%"/>
                        <a href="#" panel-name="suite-Test_Suite_with_iRetryAnalyzer" title="Tests.YourOrdersPageTest" class="method navigator-link" hash-for-method="check_title">check_title</a> <!-- method navigator-link -->
                      </span>
                      <br/>
                      <span>
                        <img src="passed.png" width="3%"/>
                        <a href="#" panel-name="suite-Test_Suite_with_iRetryAnalyzer" title="Tests.DashboardPageTest" class="method navigator-link" hash-for-method="get_title">get_title</a> <!-- method navigator-link -->
                      </span>
                      <br/>
                      <span>
                        <img src="passed.png" width="3%"/>
                        <a href="#" panel-name="suite-Test_Suite_with_iRetryAnalyzer" title="Tests.YourOrdersPageTest" class="method navigator-link" hash-for-method="get_yourorders_options">get_yourorders_options</a> <!-- method navigator-link -->
                      </span>
                      <br/>
                      <span>
                        <img src="passed.png" width="3%"/>
                        <a href="#" panel-name="suite-Test_Suite_with_iRetryAnalyzer" title="Tests.ShoppingCardPageTest" class="method navigator-link" hash-for-method="list_of_items">list_of_items</a> <!-- method navigator-link -->
                      </span>
                      <br/>
                      <span>
                        <img src="passed.png" width="3%"/>
                        <a href="#" panel-name="suite-Test_Suite_with_iRetryAnalyzer" title="Tests.LoginPageTest" class="method navigator-link" hash-for-method="login">login</a> <!-- method navigator-link -->
                      </span>
                      <br/>
                      <span>
                        <img src="passed.png" width="3%"/>
                        <a href="#" panel-name="suite-Test_Suite_with_iRetryAnalyzer" title="Tests.DashboardPageTest" class="method navigator-link" hash-for-method="search_products">search_products</a> <!-- method navigator-link -->
                      </span>
                      <br/>
                    </div> <!-- method-list-content passed suite-Test_Suite_with_iRetryAnalyzer -->
                  </li>
                </ul>
              </div> <!-- suite-section-content -->
            </div> <!-- result-section -->
          </div> <!-- navigator-suite-content -->
        </div> <!-- rounded-window -->
      </div> <!-- suite -->
    </div> <!-- navigator-root -->
    <div class="wrapper">
      <div class="main-panel-root">
        <div panel-name="suite-Test_Suite_with_iRetryAnalyzer" class="panel Test_Suite_with_iRetryAnalyzer">
          <div class="suite-Test_Suite_with_iRetryAnalyzer-class-failed">
            <div class="main-panel-header rounded-window-top">
              <img src="failed.png"/>
              <span class="class-name">Tests.ProductDetailsPageTest</span>
            </div> <!-- main-panel-header rounded-window-top -->
            <div class="main-panel-content rounded-window-bottom">
              <div class="method">
                <div class="method-content">
                  <a name="check_title_page">
                  </a> <!-- check_title_page -->
                  <span class="method-name">check_title_page</span>
                  <div class="stack-trace">org.openqa.selenium.TimeoutException: Expected condition failed: waiting for visibility of Proxy element for: DefaultElementLocator &apos;By.xpath: //span[@id=&apos;submit.buy-now&apos;]&apos; (tried for 20 second(s) with 500 milliseconds interval)
	at org.openqa.selenium.support.ui.WebDriverWait.timeoutException(WebDriverWait.java:84)
	at org.openqa.selenium.support.ui.FluentWait.until(FluentWait.java:229)
	at Pages.ProductDetailsPage.check_title_page(ProductDetailsPage.java:47)
	at Tests.ProductDetailsPageTest.check_title_page(ProductDetailsPageTest.java:53)
	at java.base/java.util.ArrayList.forEach(ArrayList.java:1511)
Caused by: org.openqa.selenium.NoSuchElementException: no such element: Unable to locate element: {&quot;method&quot;:&quot;xpath&quot;,&quot;selector&quot;:&quot;//span[@id=&apos;submit.buy-now&apos;]&quot;}
  (Session info: chrome=131.0.6778.86)
For documentation on this error, please visit: https://www.selenium.dev/documentation/webdriver/troubleshooting/errors#no-such-element-exception
Build info: version: &apos;4.25.0&apos;, revision: &apos;8a8aea2337&apos;
System info: os.name: &apos;Windows 10&apos;, os.arch: &apos;amd64&apos;, os.version: &apos;10.0&apos;, java.version: &apos;20.0.1&apos;
Driver info: org.openqa.selenium.chrome.ChromeDriver
Command: [766e630a79beaf2f3e0aaba5943887d9, findElement {using=xpath, value=//span[@id=&apos;submit.buy-now&apos;]}]
Capabilities {acceptInsecureCerts: false, browserName: chrome, browserVersion: 131.0.6778.86, chrome: {chromedriverVersion: 131.0.6778.85 (3d81e41b6f3a..., userDataDir: C:\Users\Admin\AppData\Loca...}, fedcm:accounts: true, goog:chromeOptions: {debuggerAddress: localhost:50845}, networkConnectionEnabled: false, pageLoadStrategy: normal, platformName: windows, proxy: Proxy(), se:cdp: ws://localhost:50845/devtoo..., se:cdpVersion: 131.0.6778.86, setWindowRect: true, strictFileInteractability: false, timeouts: {implicit: 0, pageLoad: 300000, script: 30000}, unhandledPromptBehavior: dismiss and notify, webauthn:extension:credBlob: true, webauthn:extension:largeBlob: true, webauthn:extension:minPinLength: true, webauthn:extension:prf: true, webauthn:virtualAuthenticators: true}
Session ID: 766e630a79beaf2f3e0aaba5943887d9
	at org.openqa.selenium.remote.ErrorCodec.decode(ErrorCodec.java:167)
	at org.openqa.selenium.remote.codec.w3c.W3CHttpResponseCodec.decode(W3CHttpResponseCodec.java:138)
	at org.openqa.selenium.remote.codec.w3c.W3CHttpResponseCodec.decode(W3CHttpResponseCodec.java:50)
	at org.openqa.selenium.remote.HttpCommandExecutor.execute(HttpCommandExecutor.java:190)
	at org.openqa.selenium.remote.service.DriverCommandExecutor.invokeExecute(DriverCommandExecutor.java:216)
	at org.openqa.selenium.remote.service.DriverCommandExecutor.execute(DriverCommandExecutor.java:174)
	at org.openqa.selenium.remote.RemoteWebDriver.execute(RemoteWebDriver.java:545)
	at org.openqa.selenium.remote.ElementLocation$ElementFinder$2.findElement(ElementLocation.java:165)
	at org.openqa.selenium.remote.ElementLocation.findElement(ElementLocation.java:59)
	at org.openqa.selenium.remote.RemoteWebDriver.findElement(RemoteWebDriver.java:368)
	at org.openqa.selenium.remote.RemoteWebDriver.findElement(RemoteWebDriver.java:362)
	at org.openqa.selenium.support.pagefactory.DefaultElementLocator.findElement(DefaultElementLocator.java:68)
	at org.openqa.selenium.support.pagefactory.internal.LocatingElementHandler.invoke(LocatingElementHandler.java:38)
	at jdk.proxy2/jdk.proxy2.$Proxy18.isDisplayed(Unknown Source)
	at org.openqa.selenium.support.ui.ExpectedConditions.elementIfVisible(ExpectedConditions.java:304)
	at org.openqa.selenium.support.ui.ExpectedConditions$10.apply(ExpectedConditions.java:290)
	at org.openqa.selenium.support.ui.ExpectedConditions$10.apply(ExpectedConditions.java:287)
	at org.openqa.selenium.support.ui.FluentWait.until(FluentWait.java:204)
	... 28 more
... Removed 28 stack frames
</div> <!-- stack-trace -->
                </div> <!-- method-content -->
              </div> <!-- method -->
            </div> <!-- main-panel-content rounded-window-bottom -->
          </div> <!-- suite-Test_Suite_with_iRetryAnalyzer-class-failed -->
          <div class="suite-Test_Suite_with_iRetryAnalyzer-class-skipped">
            <div class="main-panel-header rounded-window-top">
              <img src="skipped.png"/>
              <span class="class-name">Tests.ProductDetailsPageTest</span>
            </div> <!-- main-panel-header rounded-window-top -->
            <div class="main-panel-content rounded-window-bottom">
              <div class="method">
                <div class="method-content">
                  <a name="check_title_page">
                  </a> <!-- check_title_page -->
                  <span class="method-name">check_title_page</span>
                  <div class="stack-trace">org.openqa.selenium.TimeoutException: Expected condition failed: waiting for visibility of Proxy element for: DefaultElementLocator &apos;By.xpath: //span[@id=&apos;submit.buy-now&apos;]&apos; (tried for 20 second(s) with 500 milliseconds interval)
	at org.openqa.selenium.support.ui.WebDriverWait.timeoutException(WebDriverWait.java:84)
	at org.openqa.selenium.support.ui.FluentWait.until(FluentWait.java:229)
	at Pages.ProductDetailsPage.check_title_page(ProductDetailsPage.java:47)
	at Tests.ProductDetailsPageTest.check_title_page(ProductDetailsPageTest.java:53)
	at java.base/java.util.ArrayList.forEach(ArrayList.java:1511)
Caused by: org.openqa.selenium.NoSuchElementException: no such element: Unable to locate element: {&quot;method&quot;:&quot;xpath&quot;,&quot;selector&quot;:&quot;//span[@id=&apos;submit.buy-now&apos;]&quot;}
  (Session info: chrome=131.0.6778.86)
For documentation on this error, please visit: https://www.selenium.dev/documentation/webdriver/troubleshooting/errors#no-such-element-exception
Build info: version: &apos;4.25.0&apos;, revision: &apos;8a8aea2337&apos;
System info: os.name: &apos;Windows 10&apos;, os.arch: &apos;amd64&apos;, os.version: &apos;10.0&apos;, java.version: &apos;20.0.1&apos;
Driver info: org.openqa.selenium.chrome.ChromeDriver
Command: [45aa9fa8bc1863097d20c3f75dae51a6, findElement {using=xpath, value=//span[@id=&apos;submit.buy-now&apos;]}]
Capabilities {acceptInsecureCerts: false, browserName: chrome, browserVersion: 131.0.6778.86, chrome: {chromedriverVersion: 131.0.6778.85 (3d81e41b6f3a..., userDataDir: C:\Users\Admin\AppData\Loca...}, fedcm:accounts: true, goog:chromeOptions: {debuggerAddress: localhost:50006}, networkConnectionEnabled: false, pageLoadStrategy: normal, platformName: windows, proxy: Proxy(), se:cdp: ws://localhost:50006/devtoo..., se:cdpVersion: 131.0.6778.86, setWindowRect: true, strictFileInteractability: false, timeouts: {implicit: 0, pageLoad: 300000, script: 30000}, unhandledPromptBehavior: dismiss and notify, webauthn:extension:credBlob: true, webauthn:extension:largeBlob: true, webauthn:extension:minPinLength: true, webauthn:extension:prf: true, webauthn:virtualAuthenticators: true}
Session ID: 45aa9fa8bc1863097d20c3f75dae51a6
	at org.openqa.selenium.remote.ErrorCodec.decode(ErrorCodec.java:167)
	at org.openqa.selenium.remote.codec.w3c.W3CHttpResponseCodec.decode(W3CHttpResponseCodec.java:138)
	at org.openqa.selenium.remote.codec.w3c.W3CHttpResponseCodec.decode(W3CHttpResponseCodec.java:50)
	at org.openqa.selenium.remote.HttpCommandExecutor.execute(HttpCommandExecutor.java:190)
	at org.openqa.selenium.remote.service.DriverCommandExecutor.invokeExecute(DriverCommandExecutor.java:216)
	at org.openqa.selenium.remote.service.DriverCommandExecutor.execute(DriverCommandExecutor.java:174)
	at org.openqa.selenium.remote.RemoteWebDriver.execute(RemoteWebDriver.java:545)
	at org.openqa.selenium.remote.ElementLocation$ElementFinder$2.findElement(ElementLocation.java:165)
	at org.openqa.selenium.remote.ElementLocation.findElement(ElementLocation.java:59)
	at org.openqa.selenium.remote.RemoteWebDriver.findElement(RemoteWebDriver.java:368)
	at org.openqa.selenium.remote.RemoteWebDriver.findElement(RemoteWebDriver.java:362)
	at org.openqa.selenium.support.pagefactory.DefaultElementLocator.findElement(DefaultElementLocator.java:68)
	at org.openqa.selenium.support.pagefactory.internal.LocatingElementHandler.invoke(LocatingElementHandler.java:38)
	at jdk.proxy2/jdk.proxy2.$Proxy18.isDisplayed(Unknown Source)
	at org.openqa.selenium.support.ui.ExpectedConditions.elementIfVisible(ExpectedConditions.java:304)
	at org.openqa.selenium.support.ui.ExpectedConditions$10.apply(ExpectedConditions.java:290)
	at org.openqa.selenium.support.ui.ExpectedConditions$10.apply(ExpectedConditions.java:287)
	at org.openqa.selenium.support.ui.FluentWait.until(FluentWait.java:204)
	... 28 more
... Removed 28 stack frames
</div> <!-- stack-trace -->
                </div> <!-- method-content -->
              </div> <!-- method -->
              <div class="method">
                <div class="method-content">
                  <a name="check_title_page">
                  </a> <!-- check_title_page -->
                  <span class="method-name">check_title_page</span>
                  <div class="stack-trace">org.openqa.selenium.TimeoutException: Expected condition failed: waiting for visibility of Proxy element for: DefaultElementLocator &apos;By.xpath: //span[@id=&apos;submit.buy-now&apos;]&apos; (tried for 20 second(s) with 500 milliseconds interval)
	at org.openqa.selenium.support.ui.WebDriverWait.timeoutException(WebDriverWait.java:84)
	at org.openqa.selenium.support.ui.FluentWait.until(FluentWait.java:229)
	at Pages.ProductDetailsPage.check_title_page(ProductDetailsPage.java:47)
	at Tests.ProductDetailsPageTest.check_title_page(ProductDetailsPageTest.java:53)
	at java.base/java.util.ArrayList.forEach(ArrayList.java:1511)
Caused by: org.openqa.selenium.NoSuchElementException: no such element: Unable to locate element: {&quot;method&quot;:&quot;xpath&quot;,&quot;selector&quot;:&quot;//span[@id=&apos;submit.buy-now&apos;]&quot;}
  (Session info: chrome=131.0.6778.86)
For documentation on this error, please visit: https://www.selenium.dev/documentation/webdriver/troubleshooting/errors#no-such-element-exception
Build info: version: &apos;4.25.0&apos;, revision: &apos;8a8aea2337&apos;
System info: os.name: &apos;Windows 10&apos;, os.arch: &apos;amd64&apos;, os.version: &apos;10.0&apos;, java.version: &apos;20.0.1&apos;
Driver info: org.openqa.selenium.chrome.ChromeDriver
Command: [9829edb77d3794a8609d19dc42b75dac, findElement {using=xpath, value=//span[@id=&apos;submit.buy-now&apos;]}]
Capabilities {acceptInsecureCerts: false, browserName: chrome, browserVersion: 131.0.6778.86, chrome: {chromedriverVersion: 131.0.6778.85 (3d81e41b6f3a..., userDataDir: C:\Users\Admin\AppData\Loca...}, fedcm:accounts: true, goog:chromeOptions: {debuggerAddress: localhost:50582}, networkConnectionEnabled: false, pageLoadStrategy: normal, platformName: windows, proxy: Proxy(), se:cdp: ws://localhost:50582/devtoo..., se:cdpVersion: 131.0.6778.86, setWindowRect: true, strictFileInteractability: false, timeouts: {implicit: 0, pageLoad: 300000, script: 30000}, unhandledPromptBehavior: dismiss and notify, webauthn:extension:credBlob: true, webauthn:extension:largeBlob: true, webauthn:extension:minPinLength: true, webauthn:extension:prf: true, webauthn:virtualAuthenticators: true}
Session ID: 9829edb77d3794a8609d19dc42b75dac
	at org.openqa.selenium.remote.ErrorCodec.decode(ErrorCodec.java:167)
	at org.openqa.selenium.remote.codec.w3c.W3CHttpResponseCodec.decode(W3CHttpResponseCodec.java:138)
	at org.openqa.selenium.remote.codec.w3c.W3CHttpResponseCodec.decode(W3CHttpResponseCodec.java:50)
	at org.openqa.selenium.remote.HttpCommandExecutor.execute(HttpCommandExecutor.java:190)
	at org.openqa.selenium.remote.service.DriverCommandExecutor.invokeExecute(DriverCommandExecutor.java:216)
	at org.openqa.selenium.remote.service.DriverCommandExecutor.execute(DriverCommandExecutor.java:174)
	at org.openqa.selenium.remote.RemoteWebDriver.execute(RemoteWebDriver.java:545)
	at org.openqa.selenium.remote.ElementLocation$ElementFinder$2.findElement(ElementLocation.java:165)
	at org.openqa.selenium.remote.ElementLocation.findElement(ElementLocation.java:59)
	at org.openqa.selenium.remote.RemoteWebDriver.findElement(RemoteWebDriver.java:368)
	at org.openqa.selenium.remote.RemoteWebDriver.findElement(RemoteWebDriver.java:362)
	at org.openqa.selenium.support.pagefactory.DefaultElementLocator.findElement(DefaultElementLocator.java:68)
	at org.openqa.selenium.support.pagefactory.internal.LocatingElementHandler.invoke(LocatingElementHandler.java:38)
	at jdk.proxy2/jdk.proxy2.$Proxy18.isDisplayed(Unknown Source)
	at org.openqa.selenium.support.ui.ExpectedConditions.elementIfVisible(ExpectedConditions.java:304)
	at org.openqa.selenium.support.ui.ExpectedConditions$10.apply(ExpectedConditions.java:290)
	at org.openqa.selenium.support.ui.ExpectedConditions$10.apply(ExpectedConditions.java:287)
	at org.openqa.selenium.support.ui.FluentWait.until(FluentWait.java:204)
	... 28 more
... Removed 28 stack frames
</div> <!-- stack-trace -->
                </div> <!-- method-content -->
              </div> <!-- method -->
              <div class="method">
                <div class="method-content">
                  <a name="check_title_page">
                  </a> <!-- check_title_page -->
                  <span class="method-name">check_title_page</span>
                  <div class="stack-trace">org.openqa.selenium.TimeoutException: Expected condition failed: waiting for visibility of Proxy element for: DefaultElementLocator &apos;By.xpath: //span[@id=&apos;submit.buy-now&apos;]&apos; (tried for 20 second(s) with 500 milliseconds interval)
	at org.openqa.selenium.support.ui.WebDriverWait.timeoutException(WebDriverWait.java:84)
	at org.openqa.selenium.support.ui.FluentWait.until(FluentWait.java:229)
	at Pages.ProductDetailsPage.check_title_page(ProductDetailsPage.java:47)
	at Tests.ProductDetailsPageTest.check_title_page(ProductDetailsPageTest.java:53)
	at java.base/java.util.ArrayList.forEach(ArrayList.java:1511)
Caused by: org.openqa.selenium.NoSuchElementException: no such element: Unable to locate element: {&quot;method&quot;:&quot;xpath&quot;,&quot;selector&quot;:&quot;//span[@id=&apos;submit.buy-now&apos;]&quot;}
  (Session info: chrome=131.0.6778.86)
For documentation on this error, please visit: https://www.selenium.dev/documentation/webdriver/troubleshooting/errors#no-such-element-exception
Build info: version: &apos;4.25.0&apos;, revision: &apos;8a8aea2337&apos;
System info: os.name: &apos;Windows 10&apos;, os.arch: &apos;amd64&apos;, os.version: &apos;10.0&apos;, java.version: &apos;20.0.1&apos;
Driver info: org.openqa.selenium.chrome.ChromeDriver
Command: [84f975e526a52d93f29701ac08e6ed36, findElement {using=xpath, value=//span[@id=&apos;submit.buy-now&apos;]}]
Capabilities {acceptInsecureCerts: false, browserName: chrome, browserVersion: 131.0.6778.86, chrome: {chromedriverVersion: 131.0.6778.85 (3d81e41b6f3a..., userDataDir: C:\Users\Admin\AppData\Loca...}, fedcm:accounts: true, goog:chromeOptions: {debuggerAddress: localhost:50296}, networkConnectionEnabled: false, pageLoadStrategy: normal, platformName: windows, proxy: Proxy(), se:cdp: ws://localhost:50296/devtoo..., se:cdpVersion: 131.0.6778.86, setWindowRect: true, strictFileInteractability: false, timeouts: {implicit: 0, pageLoad: 300000, script: 30000}, unhandledPromptBehavior: dismiss and notify, webauthn:extension:credBlob: true, webauthn:extension:largeBlob: true, webauthn:extension:minPinLength: true, webauthn:extension:prf: true, webauthn:virtualAuthenticators: true}
Session ID: 84f975e526a52d93f29701ac08e6ed36
	at org.openqa.selenium.remote.ErrorCodec.decode(ErrorCodec.java:167)
	at org.openqa.selenium.remote.codec.w3c.W3CHttpResponseCodec.decode(W3CHttpResponseCodec.java:138)
	at org.openqa.selenium.remote.codec.w3c.W3CHttpResponseCodec.decode(W3CHttpResponseCodec.java:50)
	at org.openqa.selenium.remote.HttpCommandExecutor.execute(HttpCommandExecutor.java:190)
	at org.openqa.selenium.remote.service.DriverCommandExecutor.invokeExecute(DriverCommandExecutor.java:216)
	at org.openqa.selenium.remote.service.DriverCommandExecutor.execute(DriverCommandExecutor.java:174)
	at org.openqa.selenium.remote.RemoteWebDriver.execute(RemoteWebDriver.java:545)
	at org.openqa.selenium.remote.ElementLocation$ElementFinder$2.findElement(ElementLocation.java:165)
	at org.openqa.selenium.remote.ElementLocation.findElement(ElementLocation.java:59)
	at org.openqa.selenium.remote.RemoteWebDriver.findElement(RemoteWebDriver.java:368)
	at org.openqa.selenium.remote.RemoteWebDriver.findElement(RemoteWebDriver.java:362)
	at org.openqa.selenium.support.pagefactory.DefaultElementLocator.findElement(DefaultElementLocator.java:68)
	at org.openqa.selenium.support.pagefactory.internal.LocatingElementHandler.invoke(LocatingElementHandler.java:38)
	at jdk.proxy2/jdk.proxy2.$Proxy18.isDisplayed(Unknown Source)
	at org.openqa.selenium.support.ui.ExpectedConditions.elementIfVisible(ExpectedConditions.java:304)
	at org.openqa.selenium.support.ui.ExpectedConditions$10.apply(ExpectedConditions.java:290)
	at org.openqa.selenium.support.ui.ExpectedConditions$10.apply(ExpectedConditions.java:287)
	at org.openqa.selenium.support.ui.FluentWait.until(FluentWait.java:204)
	... 28 more
... Removed 28 stack frames
</div> <!-- stack-trace -->
                </div> <!-- method-content -->
              </div> <!-- method -->
            </div> <!-- main-panel-content rounded-window-bottom -->
          </div> <!-- suite-Test_Suite_with_iRetryAnalyzer-class-skipped -->
          <div class="suite-Test_Suite_with_iRetryAnalyzer-class-passed">
            <div class="main-panel-header rounded-window-top">
              <img src="passed.png"/>
              <span class="class-name">Tests.DashboardPageTest</span>
            </div> <!-- main-panel-header rounded-window-top -->
            <div class="main-panel-content rounded-window-bottom">
              <div class="method">
                <div class="method-content">
                  <a name="get_title">
                  </a> <!-- get_title -->
                  <span class="method-name">get_title</span>
                </div> <!-- method-content -->
              </div> <!-- method -->
              <div class="method">
                <div class="method-content">
                  <a name="search_products">
                  </a> <!-- search_products -->
                  <span class="method-name">search_products</span>
                </div> <!-- method-content -->
              </div> <!-- method -->
            </div> <!-- main-panel-content rounded-window-bottom -->
          </div> <!-- suite-Test_Suite_with_iRetryAnalyzer-class-passed -->
          <div class="suite-Test_Suite_with_iRetryAnalyzer-class-passed">
            <div class="main-panel-header rounded-window-top">
              <img src="passed.png"/>
              <span class="class-name">Tests.ShoppingCardPageTest</span>
            </div> <!-- main-panel-header rounded-window-top -->
            <div class="main-panel-content rounded-window-bottom">
              <div class="method">
                <div class="method-content">
                  <a name="Verify_title_of_page">
                  </a> <!-- Verify_title_of_page -->
                  <span class="method-name">Verify_title_of_page</span>
                </div> <!-- method-content -->
              </div> <!-- method -->
              <div class="method">
                <div class="method-content">
                  <a name="list_of_items">
                  </a> <!-- list_of_items -->
                  <span class="method-name">list_of_items</span>
                </div> <!-- method-content -->
              </div> <!-- method -->
            </div> <!-- main-panel-content rounded-window-bottom -->
          </div> <!-- suite-Test_Suite_with_iRetryAnalyzer-class-passed -->
          <div class="suite-Test_Suite_with_iRetryAnalyzer-class-passed">
            <div class="main-panel-header rounded-window-top">
              <img src="passed.png"/>
              <span class="class-name">Tests.ProductDetailsPageTest</span>
            </div> <!-- main-panel-header rounded-window-top -->
            <div class="main-panel-content rounded-window-bottom">
              <div class="method">
                <div class="method-content">
                  <a name="about_product">
                  </a> <!-- about_product -->
                  <span class="method-name">about_product</span>
                </div> <!-- method-content -->
              </div> <!-- method -->
            </div> <!-- main-panel-content rounded-window-bottom -->
          </div> <!-- suite-Test_Suite_with_iRetryAnalyzer-class-passed -->
          <div class="suite-Test_Suite_with_iRetryAnalyzer-class-passed">
            <div class="main-panel-header rounded-window-top">
              <img src="passed.png"/>
              <span class="class-name">Tests.YourOrdersPageTest</span>
            </div> <!-- main-panel-header rounded-window-top -->
            <div class="main-panel-content rounded-window-bottom">
              <div class="method">
                <div class="method-content">
                  <a name="check_title">
                  </a> <!-- check_title -->
                  <span class="method-name">check_title</span>
                </div> <!-- method-content -->
              </div> <!-- method -->
              <div class="method">
                <div class="method-content">
                  <a name="get_yourorders_options">
                  </a> <!-- get_yourorders_options -->
                  <span class="method-name">get_yourorders_options</span>
                </div> <!-- method-content -->
              </div> <!-- method -->
            </div> <!-- main-panel-content rounded-window-bottom -->
          </div> <!-- suite-Test_Suite_with_iRetryAnalyzer-class-passed -->
          <div class="suite-Test_Suite_with_iRetryAnalyzer-class-passed">
            <div class="main-panel-header rounded-window-top">
              <img src="passed.png"/>
              <span class="class-name">Tests.LoginPageTest</span>
            </div> <!-- main-panel-header rounded-window-top -->
            <div class="main-panel-content rounded-window-bottom">
              <div class="method">
                <div class="method-content">
                  <a name="check_title">
                  </a> <!-- check_title -->
                  <span class="method-name">check_title</span>
                </div> <!-- method-content -->
              </div> <!-- method -->
              <div class="method">
                <div class="method-content">
                  <a name="login">
                  </a> <!-- login -->
                  <span class="method-name">login</span>
                </div> <!-- method-content -->
              </div> <!-- method -->
            </div> <!-- main-panel-content rounded-window-bottom -->
          </div> <!-- suite-Test_Suite_with_iRetryAnalyzer-class-passed -->
        </div> <!-- panel Test_Suite_with_iRetryAnalyzer -->
        <div panel-name="test-xml-Test_Suite_with_iRetryAnalyzer" class="panel">
          <div class="main-panel-header rounded-window-top">
            <span class="header-content">E:\Automation_Framework\POM\Testng_with_iRetryAnalyzer.xml</span>
          </div> <!-- main-panel-header rounded-window-top -->
          <div class="main-panel-content rounded-window-bottom">
            <pre>
&lt;?xml version=&quot;1.0&quot; encoding=&quot;UTF-8&quot;?&gt;
&lt;!DOCTYPE suite SYSTEM &quot;https://testng.org/testng-1.0.dtd&quot;&gt;
&lt;suite name=&quot;Test_Suite_with_iRetryAnalyzer&quot; guice-stage=&quot;DEVELOPMENT&quot;&gt;
  &lt;test thread-count=&quot;5&quot; name=&quot;Testng_with_iRetryAnalyzer&quot;&gt;
    &lt;classes&gt;
      &lt;class name=&quot;Tests.LoginPageTest&quot;&gt;
        &lt;methods&gt;
          &lt;include name=&quot;check_title&quot;/&gt;
          &lt;include name=&quot;login&quot;/&gt;
        &lt;/methods&gt;
      &lt;/class&gt; &lt;!-- Tests.LoginPageTest --&gt;
      &lt;class name=&quot;Tests.DashboardPageTest&quot;&gt;
        &lt;methods&gt;
          &lt;include name=&quot;get_title&quot;/&gt;
          &lt;include name=&quot;search_products&quot;/&gt;
        &lt;/methods&gt;
      &lt;/class&gt; &lt;!-- Tests.DashboardPageTest --&gt;
      &lt;class name=&quot;Tests.ProductDetailsPageTest&quot;&gt;
        &lt;methods&gt;
          &lt;include name=&quot;check_title_page&quot;/&gt;
          &lt;include name=&quot;about_product&quot;/&gt;
        &lt;/methods&gt;
      &lt;/class&gt; &lt;!-- Tests.ProductDetailsPageTest --&gt;
      &lt;class name=&quot;Tests.ShoppingCardPageTest&quot;&gt;
        &lt;methods&gt;
          &lt;include name=&quot;Verify_title_of_page&quot;/&gt;
          &lt;include name=&quot;add_product&quot;/&gt;
          &lt;include name=&quot;list_of_items&quot;/&gt;
        &lt;/methods&gt;
      &lt;/class&gt; &lt;!-- Tests.ShoppingCardPageTest --&gt;
      &lt;class name=&quot;Tests.YourOrdersPageTest&quot;&gt;
        &lt;methods&gt;
          &lt;include name=&quot;check_title&quot;/&gt;
          &lt;include name=&quot;get_yourorders_options&quot;/&gt;
        &lt;/methods&gt;
      &lt;/class&gt; &lt;!-- Tests.YourOrdersPageTest --&gt;
    &lt;/classes&gt;
  &lt;/test&gt; &lt;!-- Testng_with_iRetryAnalyzer --&gt;
&lt;/suite&gt; &lt;!-- Test_Suite_with_iRetryAnalyzer --&gt;
            </pre>
          </div> <!-- main-panel-content rounded-window-bottom -->
        </div> <!-- panel -->
        <div panel-name="testlist-Test_Suite_with_iRetryAnalyzer" class="panel">
          <div class="main-panel-header rounded-window-top">
            <span class="header-content">Tests for Test_Suite_with_iRetryAnalyzer</span>
          </div> <!-- main-panel-header rounded-window-top -->
          <div class="main-panel-content rounded-window-bottom">
            <ul>
              <li>
                <span class="test-name">Testng_with_iRetryAnalyzer (5 classes)</span>
              </li>
            </ul>
          </div> <!-- main-panel-content rounded-window-bottom -->
        </div> <!-- panel -->
        <div panel-name="group-Test_Suite_with_iRetryAnalyzer" class="panel">
          <div class="main-panel-header rounded-window-top">
            <span class="header-content">Groups for Test_Suite_with_iRetryAnalyzer</span>
          </div> <!-- main-panel-header rounded-window-top -->
          <div class="main-panel-content rounded-window-bottom">
            <div class="test-group">
              <span class="test-group-name">Regression</span>
              <br/>
              <div class="method-in-group">
                <span class="method-in-group-name">login</span>
                <br/>
              </div> <!-- method-in-group -->
              <div class="method-in-group">
                <span class="method-in-group-name">search_products</span>
                <br/>
              </div> <!-- method-in-group -->
            </div> <!-- test-group -->
            <div class="test-group">
              <span class="test-group-name">Sanity</span>
              <br/>
              <div class="method-in-group">
                <span class="method-in-group-name">Verify_title_of_page</span>
                <br/>
              </div> <!-- method-in-group -->
              <div class="method-in-group">
                <span class="method-in-group-name">about_product</span>
                <br/>
              </div> <!-- method-in-group -->
              <div class="method-in-group">
                <span class="method-in-group-name">check_title</span>
                <br/>
              </div> <!-- method-in-group -->
              <div class="method-in-group">
                <span class="method-in-group-name">check_title_page</span>
                <br/>
              </div> <!-- method-in-group -->
              <div class="method-in-group">
                <span class="method-in-group-name">get_title</span>
                <br/>
              </div> <!-- method-in-group -->
              <div class="method-in-group">
                <span class="method-in-group-name">get_yourorders_options</span>
                <br/>
              </div> <!-- method-in-group -->
              <div class="method-in-group">
                <span class="method-in-group-name">list_of_items</span>
                <br/>
              </div> <!-- method-in-group -->
              <div class="method-in-group">
                <span class="method-in-group-name">login</span>
                <br/>
              </div> <!-- method-in-group -->
            </div> <!-- test-group -->
          </div> <!-- main-panel-content rounded-window-bottom -->
        </div> <!-- panel -->
        <div panel-name="times-Test_Suite_with_iRetryAnalyzer" class="panel">
          <div class="main-panel-header rounded-window-top">
            <span class="header-content">Times for Test_Suite_with_iRetryAnalyzer</span>
          </div> <!-- main-panel-header rounded-window-top -->
          <div class="main-panel-content rounded-window-bottom">
            <div class="times-div">
              <script type="text/javascript">
suiteTableInitFunctions.push('tableData_Test_Suite_with_iRetryAnalyzer');
function tableData_Test_Suite_with_iRetryAnalyzer() {
var data = new google.visualization.DataTable();
data.addColumn('number', 'Number');
data.addColumn('string', 'Method');
data.addColumn('string', 'Class');
data.addColumn('number', 'Time (ms)');
data.addRows(13);
data.setCell(0, 0, 0)
data.setCell(0, 1, 'check_title_page')
data.setCell(0, 2, 'Tests.ProductDetailsPageTest')
data.setCell(0, 3, 20411);
data.setCell(1, 0, 1)
data.setCell(1, 1, 'check_title_page')
data.setCell(1, 2, 'Tests.ProductDetailsPageTest')
data.setCell(1, 3, 20403);
data.setCell(2, 0, 2)
data.setCell(2, 1, 'check_title_page')
data.setCell(2, 2, 'Tests.ProductDetailsPageTest')
data.setCell(2, 3, 20337);
data.setCell(3, 0, 3)
data.setCell(3, 1, 'check_title_page')
data.setCell(3, 2, 'Tests.ProductDetailsPageTest')
data.setCell(3, 3, 20307);
data.setCell(4, 0, 4)
data.setCell(4, 1, 'get_yourorders_options')
data.setCell(4, 2, 'Tests.YourOrdersPageTest')
data.setCell(4, 3, 9846);
data.setCell(5, 0, 5)
data.setCell(5, 1, 'Verify_title_of_page')
data.setCell(5, 2, 'Tests.ShoppingCardPageTest')
data.setCell(5, 3, 9742);
data.setCell(6, 0, 6)
data.setCell(6, 1, 'search_products')
data.setCell(6, 2, 'Tests.DashboardPageTest')
data.setCell(6, 3, 7208);
data.setCell(7, 0, 7)
data.setCell(7, 1, 'list_of_items')
data.setCell(7, 2, 'Tests.ShoppingCardPageTest')
data.setCell(7, 3, 5820);
data.setCell(8, 0, 8)
data.setCell(8, 1, 'check_title')
data.setCell(8, 2, 'Tests.YourOrdersPageTest')
data.setCell(8, 3, 5726);
data.setCell(9, 0, 9)
data.setCell(9, 1, 'get_title')
data.setCell(9, 2, 'Tests.DashboardPageTest')
data.setCell(9, 3, 2907);
data.setCell(10, 0, 10)
data.setCell(10, 1, 'login')
data.setCell(10, 2, 'Tests.LoginPageTest')
data.setCell(10, 3, 1992);
data.setCell(11, 0, 11)
data.setCell(11, 1, 'check_title')
data.setCell(11, 2, 'Tests.LoginPageTest')
data.setCell(11, 3, 30);
data.setCell(12, 0, 12)
data.setCell(12, 1, 'about_product')
data.setCell(12, 2, 'Tests.ProductDetailsPageTest')
data.setCell(12, 3, 17);
window.suiteTableData['Test_Suite_with_iRetryAnalyzer']= { tableData: data, tableDiv: 'times-div-Test_Suite_with_iRetryAnalyzer'}
return data;
}
              </script>
              <span class="suite-total-time">Total running time: 2 minutes</span>
              <div id="times-div-Test_Suite_with_iRetryAnalyzer">
              </div> <!-- times-div-Test_Suite_with_iRetryAnalyzer -->
            </div> <!-- times-div -->
          </div> <!-- main-panel-content rounded-window-bottom -->
        </div> <!-- panel -->
        <div panel-name="reporter-Test_Suite_with_iRetryAnalyzer" class="panel">
          <div class="main-panel-header rounded-window-top">
            <span class="header-content">Reporter output for Test_Suite_with_iRetryAnalyzer</span>
          </div> <!-- main-panel-header rounded-window-top -->
          <div class="main-panel-content rounded-window-bottom">
          </div> <!-- main-panel-content rounded-window-bottom -->
        </div> <!-- panel -->
        <div panel-name="ignored-methods-Test_Suite_with_iRetryAnalyzer" class="panel">
          <div class="main-panel-header rounded-window-top">
            <span class="header-content">19 ignored methods</span>
          </div> <!-- main-panel-header rounded-window-top -->
          <div class="main-panel-content rounded-window-bottom">
            <div class="ignored-class-div">
              <span class="ignored-class-name">Tests.DashboardPageTest</span>
              <div class="ignored-methods-div">
                <span class="ignored-method-name">check_logo</span>
                <br/>
                <span class="ignored-method-name">tearDownReport</span>
                <br/>
                <span class="ignored-method-name">setupReport</span>
                <br/>
                <span class="ignored-method-name">get_elements</span>
                <br/>
                <span class="ignored-method-name">check_user_name</span>
                <br/>
              </div> <!-- ignored-methods-div -->
            </div> <!-- ignored-class-div -->
            <div class="ignored-class-div">
              <span class="ignored-class-name">Tests.ShoppingCardPageTest</span>
              <div class="ignored-methods-div">
                <span class="ignored-method-name">tearDownReport</span>
                <br/>
                <span class="ignored-method-name">setupReport</span>
                <br/>
                <span class="ignored-method-name">do_checkout</span>
                <br/>
                <span class="ignored-method-name">add_product</span>
                <br/>
                <span class="ignored-method-name">check_page</span>
                <br/>
              </div> <!-- ignored-methods-div -->
            </div> <!-- ignored-class-div -->
            <div class="ignored-class-div">
              <span class="ignored-class-name">Tests.ProductDetailsPageTest</span>
              <div class="ignored-methods-div">
                <span class="ignored-method-name">tearDownReport</span>
                <br/>
                <span class="ignored-method-name">verify_productdetailscreen</span>
                <br/>
                <span class="ignored-method-name">setupReport</span>
                <br/>
              </div> <!-- ignored-methods-div -->
            </div> <!-- ignored-class-div -->
            <div class="ignored-class-div">
              <span class="ignored-class-name">Tests.YourOrdersPageTest</span>
              <div class="ignored-methods-div">
                <span class="ignored-method-name">check_page</span>
                <br/>
                <span class="ignored-method-name">tearDownReport</span>
                <br/>
                <span class="ignored-method-name">check_path</span>
                <br/>
                <span class="ignored-method-name">setupReport</span>
                <br/>
              </div> <!-- ignored-methods-div -->
            </div> <!-- ignored-class-div -->
            <div class="ignored-class-div">
              <span class="ignored-class-name">Tests.LoginPageTest</span>
              <div class="ignored-methods-div">
                <span class="ignored-method-name">verify_createaccount_option</span>
                <br/>
                <span class="ignored-method-name">check_logo</span>
                <br/>
              </div> <!-- ignored-methods-div -->
            </div> <!-- ignored-class-div -->
          </div> <!-- main-panel-content rounded-window-bottom -->
        </div> <!-- panel -->
        <div panel-name="chronological-Test_Suite_with_iRetryAnalyzer" class="panel">
          <div class="main-panel-header rounded-window-top">
            <span class="header-content">Methods in chronological order</span>
          </div> <!-- main-panel-header rounded-window-top -->
          <div class="main-panel-content rounded-window-bottom">
            <div class="chronological-class">
              <div class="chronological-class-name">Tests.LoginPageTest</div> <!-- chronological-class-name -->
              <div class="configuration-suite before">
                <span class="method-name">setupReport</span>
                <span class="method-start">0 ms</span>
              </div> <!-- configuration-suite before -->
              <div class="configuration-method before">
                <span class="method-name">active</span>
                <span class="method-start">375 ms</span>
              </div> <!-- configuration-method before -->
              <div class="configuration-method before">
                <span class="method-name">initialize</span>
                <span class="method-start">3830 ms</span>
              </div> <!-- configuration-method before -->
              <div class="test-method">
                <span class="method-name">check_title</span>
                <span class="method-start">3869 ms</span>
              </div> <!-- test-method -->
              <div class="configuration-method after">
                <span class="method-name">teardown([TestResult name=check_title status=SUCCESS method=LoginPageTest.check_title()[pri:1, instance:Tests...)</span>
                <span class="method-start">3902 ms</span>
              </div> <!-- configuration-method after -->
              <div class="configuration-method after">
                <span class="method-name">deactive</span>
                <span class="method-start">3911 ms</span>
              </div> <!-- configuration-method after -->
              <div class="configuration-method before">
                <span class="method-name">active</span>
                <span class="method-start">4211 ms</span>
              </div> <!-- configuration-method before -->
              <div class="configuration-method before">
                <span class="method-name">initialize</span>
                <span class="method-start">5862 ms</span>
              </div> <!-- configuration-method before -->
              <div class="test-method">
                <span class="method-name">login</span>
                <span class="method-start">5863 ms</span>
              </div> <!-- test-method -->
              <div class="configuration-method after">
                <span class="method-name">teardown([TestResult name=login status=SUCCESS method=LoginPageTest.login()[pri:3, instance:Tests.LoginPageTe...)</span>
                <span class="method-start">7857 ms</span>
              </div> <!-- configuration-method after -->
              <div class="configuration-method after">
                <span class="method-name">deactive</span>
                <span class="method-start">7857 ms</span>
              </div> <!-- configuration-method after -->
            </div> <!-- chronological-class -->
            <div class="chronological-class">
              <div class="chronological-class-name">Tests.DashboardPageTest</div> <!-- chronological-class-name -->
              <div class="configuration-method before">
                <span class="method-name">active</span>
                <span class="method-start">10928 ms</span>
              </div> <!-- configuration-method before -->
              <div class="configuration-method before">
                <span class="method-name">initialize</span>
                <span class="method-start">12631 ms</span>
              </div> <!-- configuration-method before -->
              <div class="test-method">
                <span class="method-name">get_title</span>
                <span class="method-start">13779 ms</span>
              </div> <!-- test-method -->
              <div class="configuration-method after">
                <span class="method-name">tdown([TestResult name=get_title status=SUCCESS method=DashboardPageTest.get_title()[pri:1, instance:Tests...)</span>
                <span class="method-start">16687 ms</span>
              </div> <!-- configuration-method after -->
              <div class="configuration-method after">
                <span class="method-name">deactive</span>
                <span class="method-start">16687 ms</span>
              </div> <!-- configuration-method after -->
              <div class="configuration-method before">
                <span class="method-name">active</span>
                <span class="method-start">17178 ms</span>
              </div> <!-- configuration-method before -->
              <div class="configuration-method before">
                <span class="method-name">initialize</span>
                <span class="method-start">19513 ms</span>
              </div> <!-- configuration-method before -->
              <div class="test-method">
                <span class="method-name">search_products</span>
                <span class="method-start">20656 ms</span>
              </div> <!-- test-method -->
              <div class="configuration-method after">
                <span class="method-name">tdown([TestResult name=search_products status=SUCCESS method=DashboardPageTest.search_products()[pri:4, in...)</span>
                <span class="method-start">27866 ms</span>
              </div> <!-- configuration-method after -->
              <div class="configuration-method after">
                <span class="method-name">deactive</span>
                <span class="method-start">27866 ms</span>
              </div> <!-- configuration-method after -->
            </div> <!-- chronological-class -->
            <div class="chronological-class">
              <div class="chronological-class-name">Tests.ProductDetailsPageTest</div> <!-- chronological-class-name -->
              <div class="configuration-method before">
                <span class="method-name">active</span>
                <span class="method-start">28220 ms</span>
              </div> <!-- configuration-method before -->
              <div class="configuration-method before">
                <span class="method-name">initiate</span>
                <span class="method-start">30101 ms</span>
              </div> <!-- configuration-method before -->
              <div class="test-method">
                <span class="method-name">check_title_page</span>
                <span class="method-start">45644 ms</span>
              </div> <!-- test-method -->
              <div class="configuration-method after">
                <span class="method-name">terminate([TestResult name=check_title_page status=SKIP method=ProductDetailsPageTest.check_title_page()[pri:1...)</span>
                <span class="method-start">65957 ms</span>
              </div> <!-- configuration-method after -->
              <div class="configuration-method after">
                <span class="method-name">deactive</span>
                <span class="method-start">65964 ms</span>
              </div> <!-- configuration-method after -->
              <div class="configuration-method before">
                <span class="method-name">active</span>
                <span class="method-start">66276 ms</span>
              </div> <!-- configuration-method before -->
              <div class="configuration-method before">
                <span class="method-name">initiate</span>
                <span class="method-start">68262 ms</span>
              </div> <!-- configuration-method before -->
              <div class="test-method">
                <span class="method-name">check_title_page</span>
                <span class="method-start">78188 ms</span>
              </div> <!-- test-method -->
              <div class="configuration-method after">
                <span class="method-name">terminate([TestResult name=check_title_page status=SKIP method=ProductDetailsPageTest.check_title_page()[pri:1...)</span>
                <span class="method-start">98600 ms</span>
              </div> <!-- configuration-method after -->
              <div class="configuration-method after">
                <span class="method-name">deactive</span>
                <span class="method-start">98601 ms</span>
              </div> <!-- configuration-method after -->
              <div class="configuration-method before">
                <span class="method-name">active</span>
                <span class="method-start">98884 ms</span>
              </div> <!-- configuration-method before -->
              <div class="configuration-method before">
                <span class="method-name">initiate</span>
                <span class="method-start">101302 ms</span>
              </div> <!-- configuration-method before -->
              <div class="test-method">
                <span class="method-name">check_title_page</span>
                <span class="method-start">110774 ms</span>
              </div> <!-- test-method -->
              <div class="configuration-method after">
                <span class="method-name">terminate([TestResult name=check_title_page status=SKIP method=ProductDetailsPageTest.check_title_page()[pri:1...)</span>
                <span class="method-start">131115 ms</span>
              </div> <!-- configuration-method after -->
              <div class="configuration-method after">
                <span class="method-name">deactive</span>
                <span class="method-start">131118 ms</span>
              </div> <!-- configuration-method after -->
              <div class="configuration-method before">
                <span class="method-name">active</span>
                <span class="method-start">131500 ms</span>
              </div> <!-- configuration-method before -->
              <div class="configuration-method before">
                <span class="method-name">initiate</span>
                <span class="method-start">133311 ms</span>
              </div> <!-- configuration-method before -->
              <div class="test-method">
                <img src="failed.png">
                </img>
                <span class="method-name">check_title_page</span>
                <span class="method-start">141066 ms</span>
              </div> <!-- test-method -->
              <div class="configuration-method after">
                <span class="method-name">terminate([TestResult name=check_title_page status=FAILURE method=ProductDetailsPageTest.check_title_page()[pr...)</span>
                <span class="method-start">161478 ms</span>
              </div> <!-- configuration-method after -->
              <div class="configuration-method after">
                <span class="method-name">deactive</span>
                <span class="method-start">161483 ms</span>
              </div> <!-- configuration-method after -->
              <div class="configuration-method before">
                <span class="method-name">active</span>
                <span class="method-start">161797 ms</span>
              </div> <!-- configuration-method before -->
              <div class="configuration-method before">
                <span class="method-name">initiate</span>
                <span class="method-start">164367 ms</span>
              </div> <!-- configuration-method before -->
              <div class="test-method">
                <span class="method-name">about_product</span>
                <span class="method-start">172497 ms</span>
              </div> <!-- test-method -->
              <div class="configuration-method after">
                <span class="method-name">terminate([TestResult name=about_product status=SUCCESS method=ProductDetailsPageTest.about_product()[pri:3, i...)</span>
                <span class="method-start">172515 ms</span>
              </div> <!-- configuration-method after -->
              <div class="configuration-method after">
                <span class="method-name">deactive</span>
                <span class="method-start">172516 ms</span>
              </div> <!-- configuration-method after -->
            </div> <!-- chronological-class -->
            <div class="chronological-class">
              <div class="chronological-class-name">Tests.ShoppingCardPageTest</div> <!-- chronological-class-name -->
              <div class="configuration-class before">
                <span class="method-name">ensureTestReportsInitialized</span>
                <span class="method-start">172803 ms</span>
              </div> <!-- configuration-class before -->
              <div class="configuration-method before">
                <span class="method-name">active</span>
                <span class="method-start">172805 ms</span>
              </div> <!-- configuration-method before -->
              <div class="configuration-method before">
                <span class="method-name">initiate_all</span>
                <span class="method-start">174482 ms</span>
              </div> <!-- configuration-method before -->
              <div class="test-method">
                <span class="method-name">Verify_title_of_page</span>
                <span class="method-start">175673 ms</span>
              </div> <!-- test-method -->
              <div class="configuration-method after">
                <span class="method-name">quite_all([TestResult name=Verify_title_of_page status=SUCCESS method=ShoppingCardPageTest.Verify_title_of_pag...)</span>
                <span class="method-start">185416 ms</span>
              </div> <!-- configuration-method after -->
              <div class="configuration-method after">
                <span class="method-name">deactive</span>
                <span class="method-start">185417 ms</span>
              </div> <!-- configuration-method after -->
              <div class="configuration-method before">
                <span class="method-name">active</span>
                <span class="method-start">185740 ms</span>
              </div> <!-- configuration-method before -->
              <div class="configuration-method before">
                <span class="method-name">initiate_all</span>
                <span class="method-start">187451 ms</span>
              </div> <!-- configuration-method before -->
              <div class="test-method">
                <span class="method-name">list_of_items</span>
                <span class="method-start">188687 ms</span>
              </div> <!-- test-method -->
              <div class="configuration-method after">
                <span class="method-name">quite_all([TestResult name=list_of_items status=SUCCESS method=ShoppingCardPageTest.list_of_items()[pri:4, ins...)</span>
                <span class="method-start">194508 ms</span>
              </div> <!-- configuration-method after -->
              <div class="configuration-method after">
                <span class="method-name">deactive</span>
                <span class="method-start">194509 ms</span>
              </div> <!-- configuration-method after -->
            </div> <!-- chronological-class -->
            <div class="chronological-class">
              <div class="chronological-class-name">Tests.YourOrdersPageTest</div> <!-- chronological-class-name -->
              <div class="configuration-method before">
                <span class="method-name">active</span>
                <span class="method-start">194808 ms</span>
              </div> <!-- configuration-method before -->
              <div class="configuration-method before">
                <span class="method-name">initiate</span>
                <span class="method-start">196497 ms</span>
              </div> <!-- configuration-method before -->
              <div class="test-method">
                <span class="method-name">check_title</span>
                <span class="method-start">197724 ms</span>
              </div> <!-- test-method -->
              <div class="configuration-method after">
                <span class="method-name">deactive</span>
                <span class="method-start">203452 ms</span>
              </div> <!-- configuration-method after -->
              <div class="configuration-method after">
                <span class="method-name">quite([TestResult name=check_title status=SUCCESS method=YourOrdersPageTest.check_title()[pri:1, instance:...)</span>
                <span class="method-start">203452 ms</span>
              </div> <!-- configuration-method after -->
              <div class="configuration-method before">
                <span class="method-name">active</span>
                <span class="method-start">203753 ms</span>
              </div> <!-- configuration-method before -->
              <div class="configuration-method before">
                <span class="method-name">initiate</span>
                <span class="method-start">205406 ms</span>
              </div> <!-- configuration-method before -->
              <div class="test-method">
                <span class="method-name">get_yourorders_options</span>
                <span class="method-start">206584 ms</span>
              </div> <!-- test-method -->
              <div class="configuration-method after">
                <span class="method-name">quite([TestResult name=get_yourorders_options status=SUCCESS method=YourOrdersPageTest.get_yourorders_opti...)</span>
                <span class="method-start">216432 ms</span>
              </div> <!-- configuration-method after -->
              <div class="configuration-method after">
                <span class="method-name">deactive</span>
                <span class="method-start">216432 ms</span>
              </div> <!-- configuration-method after -->
            </div> <!-- chronological-class -->
            <div class="chronological-class">
              <div class="chronological-class-name">Tests.LoginPageTest</div> <!-- chronological-class-name -->
              <div class="configuration-suite after">
                <span class="method-name">tearDownReport</span>
                <span class="method-start">216769 ms</span>
              </div> <!-- configuration-suite after -->
          </div> <!-- main-panel-content rounded-window-bottom -->
        </div> <!-- panel -->
      </div> <!-- main-panel-root -->
    </div> <!-- wrapper -->
  </body>
<script type="text/javascript" src="testng-reports2.js"></script>
</html>
