<html>
<head>
<title>TestNG:  Test</title>
<link href="../testng.css" rel="stylesheet" type="text/css" />
<link href="../my-testng.css" rel="stylesheet" type="text/css" />

<style type="text/css">
.log { display: none;} 
.stack-trace { display: none;} 
</style>
<script type="text/javascript">
<!--
function flip(e) {
  current = e.style.display;
  if (current == 'block') {
    e.style.display = 'none';
    return 0;
  }
  else {
    e.style.display = 'block';
    return 1;
  }
}

function toggleBox(szDivId, elem, msg1, msg2)
{
  var res = -1;  if (document.getElementById) {
    res = flip(document.getElementById(szDivId));
  }
  else if (document.all) {
    // this is the way old msie versions work
    res = flip(document.all[szDivId]);
  }
  if(elem) {
    if(res == 0) elem.innerHTML = msg1; else elem.innerHTML = msg2;
  }

}

function toggleAllBoxes() {
  if (document.getElementsByTagName) {
    d = document.getElementsByTagName('div');
    for (i = 0; i < d.length; i++) {
      if (d[i].className == 'log') {
        flip(d[i]);
      }
    }
  }
}

// -->
</script>

</head>
<body>
<h2 align='center'>Test</h2><table border='1' align="center">
<tr>
<td>Tests passed/Failed/Skipped:</td><td>0/18/0</td>
</tr><tr>
<td>Started on:</td><td>Thu Nov 07 17:14:20 IST 2024</td>
</tr>
<tr><td>Total time:</td><td>0 seconds (90 ms)</td>
</tr><tr>
<td>Included groups:</td><td>Sanity </td>
</tr><tr>
<td>Excluded groups:</td><td></td>
</tr>
</table><p/>
<small><i>(Hover the method name to see the test class name)</i></small><p/>
<table width='100%' border='1' class='invocation-failed'>
<tr><td colspan='4' align='center'><b>FAILED TESTS</b></td></tr>
<tr><td><b>Test method</b></td>
<td width="30%"><b>Exception</b></td>
<td width="10%"><b>Time (seconds)</b></td>
<td><b>Instance</b></td>
</tr>
<tr>
<td title='Tests.YourOrdersPageTest.check_page()'><b>check_page</b><br>Test class: Tests.YourOrdersPageTest<br>Test method: Validate user is correctly landed on Yours order page by validating text</td>
<td><div><pre>java.lang.NullPointerException: Cannot invoke &quot;CommonUtilities.Extent_Reports.test_details(String)&quot; because &quot;Tests.YourOrdersPageTest.testreports&quot; is null
	at Tests.YourOrdersPageTest.check_page(YourOrdersPageTest.java:55)
	at java.base/java.util.concurrent.ThreadPoolExecutor.runWorker(ThreadPoolExecutor.java:1144)
	at java.base/java.util.concurrent.ThreadPoolExecutor$Worker.run(ThreadPoolExecutor.java:642)
	at java.base/java.lang.Thread.run(Thread.java:1623)
... Removed 10 stack frames</pre></div><a href='#' onClick='toggleBox("stack-trace1879605771", this, "Click to show all stack frames", "Click to hide stack frames")'>Click to show all stack frames</a>
<div class='stack-trace' id='stack-trace1879605771'><pre>java.lang.NullPointerException: Cannot invoke &quot;CommonUtilities.Extent_Reports.test_details(String)&quot; because &quot;Tests.YourOrdersPageTest.testreports&quot; is null
	at Tests.YourOrdersPageTest.check_page(YourOrdersPageTest.java:55)
	at java.base/jdk.internal.reflect.DirectMethodHandleAccessor.invoke(DirectMethodHandleAccessor.java:104)
	at java.base/java.lang.reflect.Method.invoke(Method.java:578)
	at org.testng.internal.MethodInvocationHelper.invokeMethod(MethodInvocationHelper.java:133)
	at org.testng.internal.TestInvoker.invokeMethod(TestInvoker.java:598)
	at org.testng.internal.TestInvoker.invokeTestMethod(TestInvoker.java:173)
	at org.testng.internal.MethodRunner.runInSequence(MethodRunner.java:46)
	at org.testng.internal.TestInvoker$MethodInvocationAgent.invoke(TestInvoker.java:824)
	at org.testng.internal.TestInvoker.invokeTestMethods(TestInvoker.java:146)
	at org.testng.internal.TestMethodWorker.invokeTestMethods(TestMethodWorker.java:146)
	at org.testng.internal.TestMethodWorker.run(TestMethodWorker.java:128)
	at java.base/java.util.concurrent.ThreadPoolExecutor.runWorker(ThreadPoolExecutor.java:1144)
	at java.base/java.util.concurrent.ThreadPoolExecutor$Worker.run(ThreadPoolExecutor.java:642)
	at java.base/java.lang.Thread.run(Thread.java:1623)
</pre></div></td>
<td>0</td>
<td>Tests.YourOrdersPageTest@217ed35e</td></tr>
<tr>
<td title='Tests.LoginPageTest.login()'><b>login</b><br>Test class: Tests.LoginPageTest</td>
<td><div><pre>java.lang.NullPointerException: Cannot invoke &quot;ScreenRecording.CaptureVideo.StartRecording()&quot; because &quot;this.capturevideo&quot; is null
	at Tests.LoginPageTest.login(LoginPageTest.java:64)
	at java.base/java.util.concurrent.ThreadPoolExecutor.runWorker(ThreadPoolExecutor.java:1144)
	at java.base/java.util.concurrent.ThreadPoolExecutor$Worker.run(ThreadPoolExecutor.java:642)
	at java.base/java.lang.Thread.run(Thread.java:1623)
... Removed 10 stack frames</pre></div><a href='#' onClick='toggleBox("stack-trace1718151424", this, "Click to show all stack frames", "Click to hide stack frames")'>Click to show all stack frames</a>
<div class='stack-trace' id='stack-trace1718151424'><pre>java.lang.NullPointerException: Cannot invoke &quot;ScreenRecording.CaptureVideo.StartRecording()&quot; because &quot;this.capturevideo&quot; is null
	at Tests.LoginPageTest.login(LoginPageTest.java:64)
	at java.base/jdk.internal.reflect.DirectMethodHandleAccessor.invoke(DirectMethodHandleAccessor.java:104)
	at java.base/java.lang.reflect.Method.invoke(Method.java:578)
	at org.testng.internal.MethodInvocationHelper.invokeMethod(MethodInvocationHelper.java:133)
	at org.testng.internal.TestInvoker.invokeMethod(TestInvoker.java:598)
	at org.testng.internal.TestInvoker.invokeTestMethod(TestInvoker.java:173)
	at org.testng.internal.MethodRunner.runInSequence(MethodRunner.java:46)
	at org.testng.internal.TestInvoker$MethodInvocationAgent.invoke(TestInvoker.java:824)
	at org.testng.internal.TestInvoker.invokeTestMethods(TestInvoker.java:146)
	at org.testng.internal.TestMethodWorker.invokeTestMethods(TestMethodWorker.java:146)
	at org.testng.internal.TestMethodWorker.run(TestMethodWorker.java:128)
	at java.base/java.util.concurrent.ThreadPoolExecutor.runWorker(ThreadPoolExecutor.java:1144)
	at java.base/java.util.concurrent.ThreadPoolExecutor$Worker.run(ThreadPoolExecutor.java:642)
	at java.base/java.lang.Thread.run(Thread.java:1623)
</pre></div></td>
<td>0</td>
<td>Tests.LoginPageTest@6150c3ec</td></tr>
<tr>
<td title='Tests.LoginPageTest.verify_createaccount_option()'><b>verify_createaccount_option</b><br>Test class: Tests.LoginPageTest</td>
<td><div><pre>java.lang.NullPointerException: Cannot invoke &quot;CommonUtilities.Extent_Reports.test_details(String)&quot; because &quot;Tests.LoginPageTest.testreports&quot; is null
	at Tests.LoginPageTest.verify_createaccount_option(LoginPageTest.java:76)
	at java.base/java.util.concurrent.ThreadPoolExecutor.runWorker(ThreadPoolExecutor.java:1144)
	at java.base/java.util.concurrent.ThreadPoolExecutor$Worker.run(ThreadPoolExecutor.java:642)
	at java.base/java.lang.Thread.run(Thread.java:1623)
... Removed 10 stack frames</pre></div><a href='#' onClick='toggleBox("stack-trace1481660536", this, "Click to show all stack frames", "Click to hide stack frames")'>Click to show all stack frames</a>
<div class='stack-trace' id='stack-trace1481660536'><pre>java.lang.NullPointerException: Cannot invoke &quot;CommonUtilities.Extent_Reports.test_details(String)&quot; because &quot;Tests.LoginPageTest.testreports&quot; is null
	at Tests.LoginPageTest.verify_createaccount_option(LoginPageTest.java:76)
	at java.base/jdk.internal.reflect.DirectMethodHandleAccessor.invoke(DirectMethodHandleAccessor.java:104)
	at java.base/java.lang.reflect.Method.invoke(Method.java:578)
	at org.testng.internal.MethodInvocationHelper.invokeMethod(MethodInvocationHelper.java:133)
	at org.testng.internal.TestInvoker.invokeMethod(TestInvoker.java:598)
	at org.testng.internal.TestInvoker.invokeTestMethod(TestInvoker.java:173)
	at org.testng.internal.MethodRunner.runInSequence(MethodRunner.java:46)
	at org.testng.internal.TestInvoker$MethodInvocationAgent.invoke(TestInvoker.java:824)
	at org.testng.internal.TestInvoker.invokeTestMethods(TestInvoker.java:146)
	at org.testng.internal.TestMethodWorker.invokeTestMethods(TestMethodWorker.java:146)
	at org.testng.internal.TestMethodWorker.run(TestMethodWorker.java:128)
	at java.base/java.util.concurrent.ThreadPoolExecutor.runWorker(ThreadPoolExecutor.java:1144)
	at java.base/java.util.concurrent.ThreadPoolExecutor$Worker.run(ThreadPoolExecutor.java:642)
	at java.base/java.lang.Thread.run(Thread.java:1623)
</pre></div></td>
<td>0</td>
<td>Tests.LoginPageTest@6150c3ec</td></tr>
<tr>
<td title='Tests.YourOrdersPageTest.check_path()'><b>check_path</b><br>Test class: Tests.YourOrdersPageTest<br>Test method: Verify correct path gets shown in your orders page</td>
<td><div><pre>java.lang.NullPointerException: Cannot invoke &quot;CommonUtilities.Extent_Reports.test_details(String)&quot; because &quot;Tests.YourOrdersPageTest.testreports&quot; is null
	at Tests.YourOrdersPageTest.check_path(YourOrdersPageTest.java:69)
	at java.base/java.util.concurrent.ThreadPoolExecutor.runWorker(ThreadPoolExecutor.java:1144)
	at java.base/java.util.concurrent.ThreadPoolExecutor$Worker.run(ThreadPoolExecutor.java:642)
	at java.base/java.lang.Thread.run(Thread.java:1623)
... Removed 10 stack frames</pre></div><a href='#' onClick='toggleBox("stack-trace1495094357", this, "Click to show all stack frames", "Click to hide stack frames")'>Click to show all stack frames</a>
<div class='stack-trace' id='stack-trace1495094357'><pre>java.lang.NullPointerException: Cannot invoke &quot;CommonUtilities.Extent_Reports.test_details(String)&quot; because &quot;Tests.YourOrdersPageTest.testreports&quot; is null
	at Tests.YourOrdersPageTest.check_path(YourOrdersPageTest.java:69)
	at java.base/jdk.internal.reflect.DirectMethodHandleAccessor.invoke(DirectMethodHandleAccessor.java:104)
	at java.base/java.lang.reflect.Method.invoke(Method.java:578)
	at org.testng.internal.MethodInvocationHelper.invokeMethod(MethodInvocationHelper.java:133)
	at org.testng.internal.TestInvoker.invokeMethod(TestInvoker.java:598)
	at org.testng.internal.TestInvoker.invokeTestMethod(TestInvoker.java:173)
	at org.testng.internal.MethodRunner.runInSequence(MethodRunner.java:46)
	at org.testng.internal.TestInvoker$MethodInvocationAgent.invoke(TestInvoker.java:824)
	at org.testng.internal.TestInvoker.invokeTestMethods(TestInvoker.java:146)
	at org.testng.internal.TestMethodWorker.invokeTestMethods(TestMethodWorker.java:146)
	at org.testng.internal.TestMethodWorker.run(TestMethodWorker.java:128)
	at java.base/java.util.concurrent.ThreadPoolExecutor.runWorker(ThreadPoolExecutor.java:1144)
	at java.base/java.util.concurrent.ThreadPoolExecutor$Worker.run(ThreadPoolExecutor.java:642)
	at java.base/java.lang.Thread.run(Thread.java:1623)
</pre></div></td>
<td>0</td>
<td>Tests.YourOrdersPageTest@217ed35e</td></tr>
<tr>
<td title='Tests.ProductDetailsPageTest.verify_productdetailscreen()'><b>verify_productdetailscreen</b><br>Test class: Tests.ProductDetailsPageTest<br>Test method: Validate user redirects to correct product details screen</td>
<td><div><pre>java.lang.NullPointerException: Cannot invoke &quot;CommonUtilities.Extent_Reports.test_details(String)&quot; because &quot;Tests.ProductDetailsPageTest.testreports&quot; is null
	at Tests.ProductDetailsPageTest.verify_productdetailscreen(ProductDetailsPageTest.java:59)
	at java.base/java.util.concurrent.ThreadPoolExecutor.runWorker(ThreadPoolExecutor.java:1144)
	at java.base/java.util.concurrent.ThreadPoolExecutor$Worker.run(ThreadPoolExecutor.java:642)
	at java.base/java.lang.Thread.run(Thread.java:1623)
... Removed 10 stack frames</pre></div><a href='#' onClick='toggleBox("stack-trace1346018323", this, "Click to show all stack frames", "Click to hide stack frames")'>Click to show all stack frames</a>
<div class='stack-trace' id='stack-trace1346018323'><pre>java.lang.NullPointerException: Cannot invoke &quot;CommonUtilities.Extent_Reports.test_details(String)&quot; because &quot;Tests.ProductDetailsPageTest.testreports&quot; is null
	at Tests.ProductDetailsPageTest.verify_productdetailscreen(ProductDetailsPageTest.java:59)
	at java.base/jdk.internal.reflect.DirectMethodHandleAccessor.invoke(DirectMethodHandleAccessor.java:104)
	at java.base/java.lang.reflect.Method.invoke(Method.java:578)
	at org.testng.internal.MethodInvocationHelper.invokeMethod(MethodInvocationHelper.java:133)
	at org.testng.internal.TestInvoker.invokeMethod(TestInvoker.java:598)
	at org.testng.internal.TestInvoker.invokeTestMethod(TestInvoker.java:173)
	at org.testng.internal.MethodRunner.runInSequence(MethodRunner.java:46)
	at org.testng.internal.TestInvoker$MethodInvocationAgent.invoke(TestInvoker.java:824)
	at org.testng.internal.TestInvoker.invokeTestMethods(TestInvoker.java:146)
	at org.testng.internal.TestMethodWorker.invokeTestMethods(TestMethodWorker.java:146)
	at org.testng.internal.TestMethodWorker.run(TestMethodWorker.java:128)
	at java.base/java.util.concurrent.ThreadPoolExecutor.runWorker(ThreadPoolExecutor.java:1144)
	at java.base/java.util.concurrent.ThreadPoolExecutor$Worker.run(ThreadPoolExecutor.java:642)
	at java.base/java.lang.Thread.run(Thread.java:1623)
</pre></div></td>
<td>0</td>
<td>Tests.ProductDetailsPageTest@139982de</td></tr>
<tr>
<td title='Tests.ShoppingCardPageTest.list_of_items()'><b>list_of_items</b><br>Test class: Tests.ShoppingCardPageTest<br>Test method: fetching list of items added into shoppingcart</td>
<td><div><pre>java.lang.NullPointerException: Cannot invoke &quot;CommonUtilities.Extent_Reports.test_details(String)&quot; because &quot;Tests.ShoppingCardPageTest.testreports&quot; is null
	at Tests.ShoppingCardPageTest.list_of_items(ShoppingCardPageTest.java:70)
	at java.base/java.util.concurrent.ThreadPoolExecutor.runWorker(ThreadPoolExecutor.java:1144)
	at java.base/java.util.concurrent.ThreadPoolExecutor$Worker.run(ThreadPoolExecutor.java:642)
	at java.base/java.lang.Thread.run(Thread.java:1623)
... Removed 10 stack frames</pre></div><a href='#' onClick='toggleBox("stack-trace141685016", this, "Click to show all stack frames", "Click to hide stack frames")'>Click to show all stack frames</a>
<div class='stack-trace' id='stack-trace141685016'><pre>java.lang.NullPointerException: Cannot invoke &quot;CommonUtilities.Extent_Reports.test_details(String)&quot; because &quot;Tests.ShoppingCardPageTest.testreports&quot; is null
	at Tests.ShoppingCardPageTest.list_of_items(ShoppingCardPageTest.java:70)
	at java.base/jdk.internal.reflect.DirectMethodHandleAccessor.invoke(DirectMethodHandleAccessor.java:104)
	at java.base/java.lang.reflect.Method.invoke(Method.java:578)
	at org.testng.internal.MethodInvocationHelper.invokeMethod(MethodInvocationHelper.java:133)
	at org.testng.internal.TestInvoker.invokeMethod(TestInvoker.java:598)
	at org.testng.internal.TestInvoker.invokeTestMethod(TestInvoker.java:173)
	at org.testng.internal.MethodRunner.runInSequence(MethodRunner.java:46)
	at org.testng.internal.TestInvoker$MethodInvocationAgent.invoke(TestInvoker.java:824)
	at org.testng.internal.TestInvoker.invokeTestMethods(TestInvoker.java:146)
	at org.testng.internal.TestMethodWorker.invokeTestMethods(TestMethodWorker.java:146)
	at org.testng.internal.TestMethodWorker.run(TestMethodWorker.java:128)
	at java.base/java.util.concurrent.ThreadPoolExecutor.runWorker(ThreadPoolExecutor.java:1144)
	at java.base/java.util.concurrent.ThreadPoolExecutor$Worker.run(ThreadPoolExecutor.java:642)
	at java.base/java.lang.Thread.run(Thread.java:1623)
</pre></div></td>
<td>0</td>
<td>Tests.ShoppingCardPageTest@682b2fa</td></tr>
<tr>
<td title='Tests.DashboardPageTest.check_user_name()'><b>check_user_name</b><br>Test class: Tests.DashboardPageTest</td>
<td><div><pre>java.lang.NullPointerException: Cannot invoke &quot;CommonUtilities.Extent_Reports.test_details(String)&quot; because &quot;Tests.DashboardPageTest.testreports&quot; is null
	at Tests.DashboardPageTest.check_user_name(DashboardPageTest.java:85)
	at java.base/java.util.concurrent.ThreadPoolExecutor.runWorker(ThreadPoolExecutor.java:1144)
	at java.base/java.util.concurrent.ThreadPoolExecutor$Worker.run(ThreadPoolExecutor.java:642)
	at java.base/java.lang.Thread.run(Thread.java:1623)
... Removed 10 stack frames</pre></div><a href='#' onClick='toggleBox("stack-trace641934346", this, "Click to show all stack frames", "Click to hide stack frames")'>Click to show all stack frames</a>
<div class='stack-trace' id='stack-trace641934346'><pre>java.lang.NullPointerException: Cannot invoke &quot;CommonUtilities.Extent_Reports.test_details(String)&quot; because &quot;Tests.DashboardPageTest.testreports&quot; is null
	at Tests.DashboardPageTest.check_user_name(DashboardPageTest.java:85)
	at java.base/jdk.internal.reflect.DirectMethodHandleAccessor.invoke(DirectMethodHandleAccessor.java:104)
	at java.base/java.lang.reflect.Method.invoke(Method.java:578)
	at org.testng.internal.MethodInvocationHelper.invokeMethod(MethodInvocationHelper.java:133)
	at org.testng.internal.TestInvoker.invokeMethod(TestInvoker.java:598)
	at org.testng.internal.TestInvoker.invokeTestMethod(TestInvoker.java:173)
	at org.testng.internal.MethodRunner.runInSequence(MethodRunner.java:46)
	at org.testng.internal.TestInvoker$MethodInvocationAgent.invoke(TestInvoker.java:824)
	at org.testng.internal.TestInvoker.invokeTestMethods(TestInvoker.java:146)
	at org.testng.internal.TestMethodWorker.invokeTestMethods(TestMethodWorker.java:146)
	at org.testng.internal.TestMethodWorker.run(TestMethodWorker.java:128)
	at java.base/java.util.concurrent.ThreadPoolExecutor.runWorker(ThreadPoolExecutor.java:1144)
	at java.base/java.util.concurrent.ThreadPoolExecutor$Worker.run(ThreadPoolExecutor.java:642)
	at java.base/java.lang.Thread.run(Thread.java:1623)
</pre></div></td>
<td>0</td>
<td>Tests.DashboardPageTest@385c9627</td></tr>
<tr>
<td title='Tests.YourOrdersPageTest.get_yourorders_options()'><b>get_yourorders_options</b><br>Test class: Tests.YourOrdersPageTest<br>Test method: Verifying all list of options available on your orders page</td>
<td><div><pre>java.lang.NullPointerException: Cannot invoke &quot;CommonUtilities.Extent_Reports.test_details(String)&quot; because &quot;Tests.YourOrdersPageTest.testreports&quot; is null
	at Tests.YourOrdersPageTest.get_yourorders_options(YourOrdersPageTest.java:62)
	at java.base/java.util.concurrent.ThreadPoolExecutor.runWorker(ThreadPoolExecutor.java:1144)
	at java.base/java.util.concurrent.ThreadPoolExecutor$Worker.run(ThreadPoolExecutor.java:642)
	at java.base/java.lang.Thread.run(Thread.java:1623)
... Removed 10 stack frames</pre></div><a href='#' onClick='toggleBox("stack-trace309009441", this, "Click to show all stack frames", "Click to hide stack frames")'>Click to show all stack frames</a>
<div class='stack-trace' id='stack-trace309009441'><pre>java.lang.NullPointerException: Cannot invoke &quot;CommonUtilities.Extent_Reports.test_details(String)&quot; because &quot;Tests.YourOrdersPageTest.testreports&quot; is null
	at Tests.YourOrdersPageTest.get_yourorders_options(YourOrdersPageTest.java:62)
	at java.base/jdk.internal.reflect.DirectMethodHandleAccessor.invoke(DirectMethodHandleAccessor.java:104)
	at java.base/java.lang.reflect.Method.invoke(Method.java:578)
	at org.testng.internal.MethodInvocationHelper.invokeMethod(MethodInvocationHelper.java:133)
	at org.testng.internal.TestInvoker.invokeMethod(TestInvoker.java:598)
	at org.testng.internal.TestInvoker.invokeTestMethod(TestInvoker.java:173)
	at org.testng.internal.MethodRunner.runInSequence(MethodRunner.java:46)
	at org.testng.internal.TestInvoker$MethodInvocationAgent.invoke(TestInvoker.java:824)
	at org.testng.internal.TestInvoker.invokeTestMethods(TestInvoker.java:146)
	at org.testng.internal.TestMethodWorker.invokeTestMethods(TestMethodWorker.java:146)
	at org.testng.internal.TestMethodWorker.run(TestMethodWorker.java:128)
	at java.base/java.util.concurrent.ThreadPoolExecutor.runWorker(ThreadPoolExecutor.java:1144)
	at java.base/java.util.concurrent.ThreadPoolExecutor$Worker.run(ThreadPoolExecutor.java:642)
	at java.base/java.lang.Thread.run(Thread.java:1623)
</pre></div></td>
<td>0</td>
<td>Tests.YourOrdersPageTest@217ed35e</td></tr>
<tr>
<td title='Tests.LoginPageTest.check_title()'><b>check_title</b><br>Test class: Tests.LoginPageTest</td>
<td><div><pre>java.lang.NullPointerException: Cannot invoke &quot;CommonUtilities.Extent_Reports.test_details(String)&quot; because &quot;Tests.LoginPageTest.testreports&quot; is null
	at Tests.LoginPageTest.check_title(LoginPageTest.java:40)
	at java.base/java.util.concurrent.ThreadPoolExecutor.runWorker(ThreadPoolExecutor.java:1144)
	at java.base/java.util.concurrent.ThreadPoolExecutor$Worker.run(ThreadPoolExecutor.java:642)
	at java.base/java.lang.Thread.run(Thread.java:1623)
... Removed 10 stack frames</pre></div><a href='#' onClick='toggleBox("stack-trace1380127464", this, "Click to show all stack frames", "Click to hide stack frames")'>Click to show all stack frames</a>
<div class='stack-trace' id='stack-trace1380127464'><pre>java.lang.NullPointerException: Cannot invoke &quot;CommonUtilities.Extent_Reports.test_details(String)&quot; because &quot;Tests.LoginPageTest.testreports&quot; is null
	at Tests.LoginPageTest.check_title(LoginPageTest.java:40)
	at java.base/jdk.internal.reflect.DirectMethodHandleAccessor.invoke(DirectMethodHandleAccessor.java:104)
	at java.base/java.lang.reflect.Method.invoke(Method.java:578)
	at org.testng.internal.MethodInvocationHelper.invokeMethod(MethodInvocationHelper.java:133)
	at org.testng.internal.TestInvoker.invokeMethod(TestInvoker.java:598)
	at org.testng.internal.TestInvoker.invokeTestMethod(TestInvoker.java:173)
	at org.testng.internal.MethodRunner.runInSequence(MethodRunner.java:46)
	at org.testng.internal.TestInvoker$MethodInvocationAgent.invoke(TestInvoker.java:824)
	at org.testng.internal.TestInvoker.invokeTestMethods(TestInvoker.java:146)
	at org.testng.internal.TestMethodWorker.invokeTestMethods(TestMethodWorker.java:146)
	at org.testng.internal.TestMethodWorker.run(TestMethodWorker.java:128)
	at java.base/java.util.concurrent.ThreadPoolExecutor.runWorker(ThreadPoolExecutor.java:1144)
	at java.base/java.util.concurrent.ThreadPoolExecutor$Worker.run(ThreadPoolExecutor.java:642)
	at java.base/java.lang.Thread.run(Thread.java:1623)
</pre></div></td>
<td>0</td>
<td>Tests.LoginPageTest@6150c3ec</td></tr>
<tr>
<td title='Tests.ProductDetailsPageTest.check_title_page()'><b>check_title_page</b><br>Test class: Tests.ProductDetailsPageTest<br>Test method: Verifying Page title on Product details screen</td>
<td><div><pre>java.lang.NullPointerException: Cannot invoke &quot;CommonUtilities.Extent_Reports.test_details(String)&quot; because &quot;Tests.ProductDetailsPageTest.testreports&quot; is null
	at Tests.ProductDetailsPageTest.check_title_page(ProductDetailsPageTest.java:52)
	at java.base/java.util.concurrent.ThreadPoolExecutor.runWorker(ThreadPoolExecutor.java:1144)
	at java.base/java.util.concurrent.ThreadPoolExecutor$Worker.run(ThreadPoolExecutor.java:642)
	at java.base/java.lang.Thread.run(Thread.java:1623)
... Removed 10 stack frames</pre></div><a href='#' onClick='toggleBox("stack-trace282284280", this, "Click to show all stack frames", "Click to hide stack frames")'>Click to show all stack frames</a>
<div class='stack-trace' id='stack-trace282284280'><pre>java.lang.NullPointerException: Cannot invoke &quot;CommonUtilities.Extent_Reports.test_details(String)&quot; because &quot;Tests.ProductDetailsPageTest.testreports&quot; is null
	at Tests.ProductDetailsPageTest.check_title_page(ProductDetailsPageTest.java:52)
	at java.base/jdk.internal.reflect.DirectMethodHandleAccessor.invoke(DirectMethodHandleAccessor.java:104)
	at java.base/java.lang.reflect.Method.invoke(Method.java:578)
	at org.testng.internal.MethodInvocationHelper.invokeMethod(MethodInvocationHelper.java:133)
	at org.testng.internal.TestInvoker.invokeMethod(TestInvoker.java:598)
	at org.testng.internal.TestInvoker.invokeTestMethod(TestInvoker.java:173)
	at org.testng.internal.MethodRunner.runInSequence(MethodRunner.java:46)
	at org.testng.internal.TestInvoker$MethodInvocationAgent.invoke(TestInvoker.java:824)
	at org.testng.internal.TestInvoker.invokeTestMethods(TestInvoker.java:146)
	at org.testng.internal.TestMethodWorker.invokeTestMethods(TestMethodWorker.java:146)
	at org.testng.internal.TestMethodWorker.run(TestMethodWorker.java:128)
	at java.base/java.util.concurrent.ThreadPoolExecutor.runWorker(ThreadPoolExecutor.java:1144)
	at java.base/java.util.concurrent.ThreadPoolExecutor$Worker.run(ThreadPoolExecutor.java:642)
	at java.base/java.lang.Thread.run(Thread.java:1623)
</pre></div></td>
<td>0</td>
<td>Tests.ProductDetailsPageTest@139982de</td></tr>
<tr>
<td title='Tests.LoginPageTest.check_logo()'><b>check_logo</b><br>Test class: Tests.LoginPageTest</td>
<td><div><pre>java.lang.NullPointerException: Cannot invoke &quot;CommonUtilities.Extent_Reports.test_details(String)&quot; because &quot;Tests.LoginPageTest.testreports&quot; is null
	at Tests.LoginPageTest.check_logo(LoginPageTest.java:53)
	at java.base/java.util.concurrent.ThreadPoolExecutor.runWorker(ThreadPoolExecutor.java:1144)
	at java.base/java.util.concurrent.ThreadPoolExecutor$Worker.run(ThreadPoolExecutor.java:642)
	at java.base/java.lang.Thread.run(Thread.java:1623)
... Removed 10 stack frames</pre></div><a href='#' onClick='toggleBox("stack-trace1743779457", this, "Click to show all stack frames", "Click to hide stack frames")'>Click to show all stack frames</a>
<div class='stack-trace' id='stack-trace1743779457'><pre>java.lang.NullPointerException: Cannot invoke &quot;CommonUtilities.Extent_Reports.test_details(String)&quot; because &quot;Tests.LoginPageTest.testreports&quot; is null
	at Tests.LoginPageTest.check_logo(LoginPageTest.java:53)
	at java.base/jdk.internal.reflect.DirectMethodHandleAccessor.invoke(DirectMethodHandleAccessor.java:104)
	at java.base/java.lang.reflect.Method.invoke(Method.java:578)
	at org.testng.internal.MethodInvocationHelper.invokeMethod(MethodInvocationHelper.java:133)
	at org.testng.internal.TestInvoker.invokeMethod(TestInvoker.java:598)
	at org.testng.internal.TestInvoker.invokeTestMethod(TestInvoker.java:173)
	at org.testng.internal.MethodRunner.runInSequence(MethodRunner.java:46)
	at org.testng.internal.TestInvoker$MethodInvocationAgent.invoke(TestInvoker.java:824)
	at org.testng.internal.TestInvoker.invokeTestMethods(TestInvoker.java:146)
	at org.testng.internal.TestMethodWorker.invokeTestMethods(TestMethodWorker.java:146)
	at org.testng.internal.TestMethodWorker.run(TestMethodWorker.java:128)
	at java.base/java.util.concurrent.ThreadPoolExecutor.runWorker(ThreadPoolExecutor.java:1144)
	at java.base/java.util.concurrent.ThreadPoolExecutor$Worker.run(ThreadPoolExecutor.java:642)
	at java.base/java.lang.Thread.run(Thread.java:1623)
</pre></div></td>
<td>0</td>
<td>Tests.LoginPageTest@6150c3ec</td></tr>
<tr>
<td title='Tests.DashboardPageTest.get_elements()'><b>get_elements</b><br>Test class: Tests.DashboardPageTest</td>
<td><div><pre>java.lang.NullPointerException: Cannot invoke &quot;CommonUtilities.Extent_Reports.test_details(String)&quot; because &quot;Tests.DashboardPageTest.testreports&quot; is null
	at Tests.DashboardPageTest.get_elements(DashboardPageTest.java:65)
	at java.base/java.util.concurrent.ThreadPoolExecutor.runWorker(ThreadPoolExecutor.java:1144)
	at java.base/java.util.concurrent.ThreadPoolExecutor$Worker.run(ThreadPoolExecutor.java:642)
	at java.base/java.lang.Thread.run(Thread.java:1623)
... Removed 10 stack frames</pre></div><a href='#' onClick='toggleBox("stack-trace1733853000", this, "Click to show all stack frames", "Click to hide stack frames")'>Click to show all stack frames</a>
<div class='stack-trace' id='stack-trace1733853000'><pre>java.lang.NullPointerException: Cannot invoke &quot;CommonUtilities.Extent_Reports.test_details(String)&quot; because &quot;Tests.DashboardPageTest.testreports&quot; is null
	at Tests.DashboardPageTest.get_elements(DashboardPageTest.java:65)
	at java.base/jdk.internal.reflect.DirectMethodHandleAccessor.invoke(DirectMethodHandleAccessor.java:104)
	at java.base/java.lang.reflect.Method.invoke(Method.java:578)
	at org.testng.internal.MethodInvocationHelper.invokeMethod(MethodInvocationHelper.java:133)
	at org.testng.internal.TestInvoker.invokeMethod(TestInvoker.java:598)
	at org.testng.internal.TestInvoker.invokeTestMethod(TestInvoker.java:173)
	at org.testng.internal.MethodRunner.runInSequence(MethodRunner.java:46)
	at org.testng.internal.TestInvoker$MethodInvocationAgent.invoke(TestInvoker.java:824)
	at org.testng.internal.TestInvoker.invokeTestMethods(TestInvoker.java:146)
	at org.testng.internal.TestMethodWorker.invokeTestMethods(TestMethodWorker.java:146)
	at org.testng.internal.TestMethodWorker.run(TestMethodWorker.java:128)
	at java.base/java.util.concurrent.ThreadPoolExecutor.runWorker(ThreadPoolExecutor.java:1144)
	at java.base/java.util.concurrent.ThreadPoolExecutor$Worker.run(ThreadPoolExecutor.java:642)
	at java.base/java.lang.Thread.run(Thread.java:1623)
</pre></div></td>
<td>0</td>
<td>Tests.DashboardPageTest@385c9627</td></tr>
<tr>
<td title='Tests.ShoppingCardPageTest.Verify_title_of_page()'><b>Verify_title_of_page</b><br>Test class: Tests.ShoppingCardPageTest<br>Test method: Verify title of page</td>
<td><div><pre>java.lang.NullPointerException: Cannot invoke &quot;CommonUtilities.Extent_Reports.test_details(String)&quot; because &quot;Tests.ShoppingCardPageTest.testreports&quot; is null
	at Tests.ShoppingCardPageTest.Verify_title_of_page(ShoppingCardPageTest.java:48)
	at java.base/java.util.concurrent.ThreadPoolExecutor.runWorker(ThreadPoolExecutor.java:1144)
	at java.base/java.util.concurrent.ThreadPoolExecutor$Worker.run(ThreadPoolExecutor.java:642)
	at java.base/java.lang.Thread.run(Thread.java:1623)
... Removed 10 stack frames</pre></div><a href='#' onClick='toggleBox("stack-trace780850969", this, "Click to show all stack frames", "Click to hide stack frames")'>Click to show all stack frames</a>
<div class='stack-trace' id='stack-trace780850969'><pre>java.lang.NullPointerException: Cannot invoke &quot;CommonUtilities.Extent_Reports.test_details(String)&quot; because &quot;Tests.ShoppingCardPageTest.testreports&quot; is null
	at Tests.ShoppingCardPageTest.Verify_title_of_page(ShoppingCardPageTest.java:48)
	at java.base/jdk.internal.reflect.DirectMethodHandleAccessor.invoke(DirectMethodHandleAccessor.java:104)
	at java.base/java.lang.reflect.Method.invoke(Method.java:578)
	at org.testng.internal.MethodInvocationHelper.invokeMethod(MethodInvocationHelper.java:133)
	at org.testng.internal.TestInvoker.invokeMethod(TestInvoker.java:598)
	at org.testng.internal.TestInvoker.invokeTestMethod(TestInvoker.java:173)
	at org.testng.internal.MethodRunner.runInSequence(MethodRunner.java:46)
	at org.testng.internal.TestInvoker$MethodInvocationAgent.invoke(TestInvoker.java:824)
	at org.testng.internal.TestInvoker.invokeTestMethods(TestInvoker.java:146)
	at org.testng.internal.TestMethodWorker.invokeTestMethods(TestMethodWorker.java:146)
	at org.testng.internal.TestMethodWorker.run(TestMethodWorker.java:128)
	at java.base/java.util.concurrent.ThreadPoolExecutor.runWorker(ThreadPoolExecutor.java:1144)
	at java.base/java.util.concurrent.ThreadPoolExecutor$Worker.run(ThreadPoolExecutor.java:642)
	at java.base/java.lang.Thread.run(Thread.java:1623)
</pre></div></td>
<td>0</td>
<td>Tests.ShoppingCardPageTest@682b2fa</td></tr>
<tr>
<td title='Tests.YourOrdersPageTest.check_title()'><b>check_title</b><br>Test class: Tests.YourOrdersPageTest<br>Test method: Verify title of page</td>
<td><div><pre>java.lang.NullPointerException: Cannot invoke &quot;CommonUtilities.Extent_Reports.test_details(String)&quot; because &quot;Tests.YourOrdersPageTest.testreports&quot; is null
	at Tests.YourOrdersPageTest.check_title(YourOrdersPageTest.java:48)
	at java.base/java.util.concurrent.ThreadPoolExecutor.runWorker(ThreadPoolExecutor.java:1144)
	at java.base/java.util.concurrent.ThreadPoolExecutor$Worker.run(ThreadPoolExecutor.java:642)
	at java.base/java.lang.Thread.run(Thread.java:1623)
... Removed 10 stack frames</pre></div><a href='#' onClick='toggleBox("stack-trace639918129", this, "Click to show all stack frames", "Click to hide stack frames")'>Click to show all stack frames</a>
<div class='stack-trace' id='stack-trace639918129'><pre>java.lang.NullPointerException: Cannot invoke &quot;CommonUtilities.Extent_Reports.test_details(String)&quot; because &quot;Tests.YourOrdersPageTest.testreports&quot; is null
	at Tests.YourOrdersPageTest.check_title(YourOrdersPageTest.java:48)
	at java.base/jdk.internal.reflect.DirectMethodHandleAccessor.invoke(DirectMethodHandleAccessor.java:104)
	at java.base/java.lang.reflect.Method.invoke(Method.java:578)
	at org.testng.internal.MethodInvocationHelper.invokeMethod(MethodInvocationHelper.java:133)
	at org.testng.internal.TestInvoker.invokeMethod(TestInvoker.java:598)
	at org.testng.internal.TestInvoker.invokeTestMethod(TestInvoker.java:173)
	at org.testng.internal.MethodRunner.runInSequence(MethodRunner.java:46)
	at org.testng.internal.TestInvoker$MethodInvocationAgent.invoke(TestInvoker.java:824)
	at org.testng.internal.TestInvoker.invokeTestMethods(TestInvoker.java:146)
	at org.testng.internal.TestMethodWorker.invokeTestMethods(TestMethodWorker.java:146)
	at org.testng.internal.TestMethodWorker.run(TestMethodWorker.java:128)
	at java.base/java.util.concurrent.ThreadPoolExecutor.runWorker(ThreadPoolExecutor.java:1144)
	at java.base/java.util.concurrent.ThreadPoolExecutor$Worker.run(ThreadPoolExecutor.java:642)
	at java.base/java.lang.Thread.run(Thread.java:1623)
</pre></div></td>
<td>0</td>
<td>Tests.YourOrdersPageTest@217ed35e</td></tr>
<tr>
<td title='Tests.ShoppingCardPageTest.check_page()'><b>check_page</b><br>Test class: Tests.ShoppingCardPageTest<br>Test method: Validate user lands on correct page</td>
<td><div><pre>java.lang.NullPointerException: Cannot invoke &quot;CommonUtilities.Extent_Reports.test_details(String)&quot; because &quot;Tests.ShoppingCardPageTest.testreports&quot; is null
	at Tests.ShoppingCardPageTest.check_page(ShoppingCardPageTest.java:54)
	at java.base/java.util.concurrent.ThreadPoolExecutor.runWorker(ThreadPoolExecutor.java:1144)
	at java.base/java.util.concurrent.ThreadPoolExecutor$Worker.run(ThreadPoolExecutor.java:642)
	at java.base/java.lang.Thread.run(Thread.java:1623)
... Removed 10 stack frames</pre></div><a href='#' onClick='toggleBox("stack-trace924894422", this, "Click to show all stack frames", "Click to hide stack frames")'>Click to show all stack frames</a>
<div class='stack-trace' id='stack-trace924894422'><pre>java.lang.NullPointerException: Cannot invoke &quot;CommonUtilities.Extent_Reports.test_details(String)&quot; because &quot;Tests.ShoppingCardPageTest.testreports&quot; is null
	at Tests.ShoppingCardPageTest.check_page(ShoppingCardPageTest.java:54)
	at java.base/jdk.internal.reflect.DirectMethodHandleAccessor.invoke(DirectMethodHandleAccessor.java:104)
	at java.base/java.lang.reflect.Method.invoke(Method.java:578)
	at org.testng.internal.MethodInvocationHelper.invokeMethod(MethodInvocationHelper.java:133)
	at org.testng.internal.TestInvoker.invokeMethod(TestInvoker.java:598)
	at org.testng.internal.TestInvoker.invokeTestMethod(TestInvoker.java:173)
	at org.testng.internal.MethodRunner.runInSequence(MethodRunner.java:46)
	at org.testng.internal.TestInvoker$MethodInvocationAgent.invoke(TestInvoker.java:824)
	at org.testng.internal.TestInvoker.invokeTestMethods(TestInvoker.java:146)
	at org.testng.internal.TestMethodWorker.invokeTestMethods(TestMethodWorker.java:146)
	at org.testng.internal.TestMethodWorker.run(TestMethodWorker.java:128)
	at java.base/java.util.concurrent.ThreadPoolExecutor.runWorker(ThreadPoolExecutor.java:1144)
	at java.base/java.util.concurrent.ThreadPoolExecutor$Worker.run(ThreadPoolExecutor.java:642)
	at java.base/java.lang.Thread.run(Thread.java:1623)
</pre></div></td>
<td>0</td>
<td>Tests.ShoppingCardPageTest@682b2fa</td></tr>
<tr>
<td title='Tests.ProductDetailsPageTest.about_product()'><b>about_product</b><br>Test class: Tests.ProductDetailsPageTest<br>Test method: Fetch details about product</td>
<td><div><pre>java.lang.NullPointerException: Cannot invoke &quot;CommonUtilities.Extent_Reports.test_details(String)&quot; because &quot;Tests.ProductDetailsPageTest.testreports&quot; is null
	at Tests.ProductDetailsPageTest.about_product(ProductDetailsPageTest.java:65)
	at java.base/java.util.concurrent.ThreadPoolExecutor.runWorker(ThreadPoolExecutor.java:1144)
	at java.base/java.util.concurrent.ThreadPoolExecutor$Worker.run(ThreadPoolExecutor.java:642)
	at java.base/java.lang.Thread.run(Thread.java:1623)
... Removed 10 stack frames</pre></div><a href='#' onClick='toggleBox("stack-trace1203202350", this, "Click to show all stack frames", "Click to hide stack frames")'>Click to show all stack frames</a>
<div class='stack-trace' id='stack-trace1203202350'><pre>java.lang.NullPointerException: Cannot invoke &quot;CommonUtilities.Extent_Reports.test_details(String)&quot; because &quot;Tests.ProductDetailsPageTest.testreports&quot; is null
	at Tests.ProductDetailsPageTest.about_product(ProductDetailsPageTest.java:65)
	at java.base/jdk.internal.reflect.DirectMethodHandleAccessor.invoke(DirectMethodHandleAccessor.java:104)
	at java.base/java.lang.reflect.Method.invoke(Method.java:578)
	at org.testng.internal.MethodInvocationHelper.invokeMethod(MethodInvocationHelper.java:133)
	at org.testng.internal.TestInvoker.invokeMethod(TestInvoker.java:598)
	at org.testng.internal.TestInvoker.invokeTestMethod(TestInvoker.java:173)
	at org.testng.internal.MethodRunner.runInSequence(MethodRunner.java:46)
	at org.testng.internal.TestInvoker$MethodInvocationAgent.invoke(TestInvoker.java:824)
	at org.testng.internal.TestInvoker.invokeTestMethods(TestInvoker.java:146)
	at org.testng.internal.TestMethodWorker.invokeTestMethods(TestMethodWorker.java:146)
	at org.testng.internal.TestMethodWorker.run(TestMethodWorker.java:128)
	at java.base/java.util.concurrent.ThreadPoolExecutor.runWorker(ThreadPoolExecutor.java:1144)
	at java.base/java.util.concurrent.ThreadPoolExecutor$Worker.run(ThreadPoolExecutor.java:642)
	at java.base/java.lang.Thread.run(Thread.java:1623)
</pre></div></td>
<td>0</td>
<td>Tests.ProductDetailsPageTest@139982de</td></tr>
<tr>
<td title='Tests.DashboardPageTest.get_title()'><b>get_title</b><br>Test class: Tests.DashboardPageTest</td>
<td><div><pre>java.lang.NullPointerException: Cannot invoke &quot;CommonUtilities.Extent_Reports.test_details(String)&quot; because &quot;Tests.DashboardPageTest.testreports&quot; is null
	at Tests.DashboardPageTest.get_title(DashboardPageTest.java:44)
	at java.base/java.util.concurrent.ThreadPoolExecutor.runWorker(ThreadPoolExecutor.java:1144)
	at java.base/java.util.concurrent.ThreadPoolExecutor$Worker.run(ThreadPoolExecutor.java:642)
	at java.base/java.lang.Thread.run(Thread.java:1623)
... Removed 10 stack frames</pre></div><a href='#' onClick='toggleBox("stack-trace2134916765", this, "Click to show all stack frames", "Click to hide stack frames")'>Click to show all stack frames</a>
<div class='stack-trace' id='stack-trace2134916765'><pre>java.lang.NullPointerException: Cannot invoke &quot;CommonUtilities.Extent_Reports.test_details(String)&quot; because &quot;Tests.DashboardPageTest.testreports&quot; is null
	at Tests.DashboardPageTest.get_title(DashboardPageTest.java:44)
	at java.base/jdk.internal.reflect.DirectMethodHandleAccessor.invoke(DirectMethodHandleAccessor.java:104)
	at java.base/java.lang.reflect.Method.invoke(Method.java:578)
	at org.testng.internal.MethodInvocationHelper.invokeMethod(MethodInvocationHelper.java:133)
	at org.testng.internal.TestInvoker.invokeMethod(TestInvoker.java:598)
	at org.testng.internal.TestInvoker.invokeTestMethod(TestInvoker.java:173)
	at org.testng.internal.MethodRunner.runInSequence(MethodRunner.java:46)
	at org.testng.internal.TestInvoker$MethodInvocationAgent.invoke(TestInvoker.java:824)
	at org.testng.internal.TestInvoker.invokeTestMethods(TestInvoker.java:146)
	at org.testng.internal.TestMethodWorker.invokeTestMethods(TestMethodWorker.java:146)
	at org.testng.internal.TestMethodWorker.run(TestMethodWorker.java:128)
	at java.base/java.util.concurrent.ThreadPoolExecutor.runWorker(ThreadPoolExecutor.java:1144)
	at java.base/java.util.concurrent.ThreadPoolExecutor$Worker.run(ThreadPoolExecutor.java:642)
	at java.base/java.lang.Thread.run(Thread.java:1623)
</pre></div></td>
<td>0</td>
<td>Tests.DashboardPageTest@385c9627</td></tr>
<tr>
<td title='Tests.DashboardPageTest.check_logo()'><b>check_logo</b><br>Test class: Tests.DashboardPageTest</td>
<td><div><pre>java.lang.NullPointerException: Cannot invoke &quot;CommonUtilities.Extent_Reports.test_details(String)&quot; because &quot;Tests.DashboardPageTest.testreports&quot; is null
	at Tests.DashboardPageTest.check_logo(DashboardPageTest.java:54)
	at java.base/java.util.concurrent.ThreadPoolExecutor.runWorker(ThreadPoolExecutor.java:1144)
	at java.base/java.util.concurrent.ThreadPoolExecutor$Worker.run(ThreadPoolExecutor.java:642)
	at java.base/java.lang.Thread.run(Thread.java:1623)
... Removed 10 stack frames</pre></div><a href='#' onClick='toggleBox("stack-trace89344556", this, "Click to show all stack frames", "Click to hide stack frames")'>Click to show all stack frames</a>
<div class='stack-trace' id='stack-trace89344556'><pre>java.lang.NullPointerException: Cannot invoke &quot;CommonUtilities.Extent_Reports.test_details(String)&quot; because &quot;Tests.DashboardPageTest.testreports&quot; is null
	at Tests.DashboardPageTest.check_logo(DashboardPageTest.java:54)
	at java.base/jdk.internal.reflect.DirectMethodHandleAccessor.invoke(DirectMethodHandleAccessor.java:104)
	at java.base/java.lang.reflect.Method.invoke(Method.java:578)
	at org.testng.internal.MethodInvocationHelper.invokeMethod(MethodInvocationHelper.java:133)
	at org.testng.internal.TestInvoker.invokeMethod(TestInvoker.java:598)
	at org.testng.internal.TestInvoker.invokeTestMethod(TestInvoker.java:173)
	at org.testng.internal.MethodRunner.runInSequence(MethodRunner.java:46)
	at org.testng.internal.TestInvoker$MethodInvocationAgent.invoke(TestInvoker.java:824)
	at org.testng.internal.TestInvoker.invokeTestMethods(TestInvoker.java:146)
	at org.testng.internal.TestMethodWorker.invokeTestMethods(TestMethodWorker.java:146)
	at org.testng.internal.TestMethodWorker.run(TestMethodWorker.java:128)
	at java.base/java.util.concurrent.ThreadPoolExecutor.runWorker(ThreadPoolExecutor.java:1144)
	at java.base/java.util.concurrent.ThreadPoolExecutor$Worker.run(ThreadPoolExecutor.java:642)
	at java.base/java.lang.Thread.run(Thread.java:1623)
</pre></div></td>
<td>0</td>
<td>Tests.DashboardPageTest@385c9627</td></tr>
</table><p>
</body>
</html>